%このファイルは日本語文字を含みます.
\BOOKMARK [0][-]{chapter.3}{\376\377\170\024\172\166\155\073\122\325\060\150\165\037\142\020\000A\000I}{}% 1
\BOOKMARK [1][-]{section.4}{\376\377\165\037\142\020\000A\000I\060\156\163\376\127\050}{chapter.3}% 2
\BOOKMARK [2][-]{subsection.5}{\376\377\131\047\211\217\152\041\212\000\212\236\060\342\060\307\060\353\377\010\000L\000L\000M\377\011\060\156\127\372\147\054\166\204\060\152\116\325\175\104\060\177}{section.4}% 3
\BOOKMARK [2][-]{subsection.6}{\376\377\000T\000r\000a\000n\000s\000f\000o\000r\000m\000e\000r\060\242\060\374\060\255\060\306\060\257\060\301\060\343\040\025\040\025\000L\000L\000M\060\222\145\057\060\110\060\213\142\200\210\123}{section.4}% 4
\BOOKMARK [2][-]{subsection.7}{\376\377\000C\000h\000a\000t\000G\000P\000T\060\156\166\173\130\064\060\150\165\037\142\020\000A\000I\060\156\220\062\123\026}{section.4}% 5
\BOOKMARK [1][-]{section.10}{\376\377\116\073\211\201\060\152\000A\000I\060\304\060\374\060\353\060\150\060\135\060\156\162\171\137\264}{chapter.3}% 6
\BOOKMARK [2][-]{subsection.11}{\376\377\133\376\212\161\127\213\000A\000I}{section.10}% 7
\BOOKMARK [2][-]{subsection.14}{\376\377\151\034\175\042\162\171\123\026\127\213\000A\000I}{section.10}% 8
\BOOKMARK [2][-]{subsection.17}{\376\377\212\326\145\207\122\006\147\220\000A\000I}{section.10}% 9
\BOOKMARK [2][-]{subsection.25}{\376\377\060\263\060\374\060\311\145\057\143\364\000A\000I}{section.10}% 10
\BOOKMARK [2][-]{subsection.38}{\376\377\060\307\060\266\060\244\060\363\000A\000I}{section.10}% 11
\BOOKMARK [2][-]{subsection.41}{\376\377\161\041\145\231\000/\147\011\145\231\060\156\220\170\060\163\145\271\060\254\060\244\060\311}{section.10}% 12
\BOOKMARK [1][-]{section.42}{\376\377\170\024\172\166\155\073\122\325\060\153\060\112\060\121\060\213\000A\000I\155\073\165\050\060\156\123\357\200\375\140\047}{chapter.3}% 13
\BOOKMARK [2][-]{subsection.43}{\376\377\170\024\172\166\155\073\122\325\060\156\124\004\130\064\227\142\060\147\060\156\000A\000I\155\073\165\050}{section.42}% 14
\BOOKMARK [2][-]{subsection.53}{\376\377\000A\000I\060\114\137\227\141\017\060\152\060\123\060\150\000\040\000/\000\040\202\346\142\113\060\152\060\123\060\150}{section.42}% 15
\BOOKMARK [2][-]{subsection.58}{\376\377\060\014\120\166\147\011\166\204\211\007\226\321\060\125\060\015\060\150\060\014\147\054\214\352\166\204\211\007\226\321\060\125\060\015}{section.42}% 16
\BOOKMARK [1][-]{section.59}{\376\377\000A\000I\122\051\165\050\060\156\120\053\164\006\060\150\154\350\141\017\160\271}{chapter.3}% 17
\BOOKMARK [2][-]{subsection.60}{\376\377\060\317\060\353\060\267\060\315\060\374\060\267\060\347\060\363\377\010\136\173\211\232\377\011\060\156\125\117\230\114}{section.59}% 18
\BOOKMARK [2][-]{subsection.61}{\376\377\204\127\117\134\152\051\060\150\122\175\172\203}{section.59}% 19
\BOOKMARK [2][-]{subsection.65}{\376\377\152\137\133\306\140\305\130\061\060\156\157\017\155\051\060\352\060\271\060\257}{section.59}% 20
\BOOKMARK [2][-]{subsection.66}{\376\377\124\004\131\047\133\146\060\373\133\146\117\032\060\156\000A\000I\122\051\165\050\060\254\060\244\060\311\060\351\060\244\060\363}{section.59}% 21
\BOOKMARK [2][-]{subsection.67}{\376\377\170\024\172\166\120\053\164\006\060\153\060\112\060\121\060\213\060\014\000A\000I\060\156\117\177\165\050\060\222\146\016\212\030\060\131\060\213\060\015\123\237\122\107}{section.59}% 22
\BOOKMARK [1][-]{section.71}{\376\377\147\054\146\370\060\156\151\313\142\020\060\150\117\177\060\104\145\271}{chapter.3}% 23
\BOOKMARK [2][-]{subsection.72}{\376\377\121\150\0001\0000\172\340\060\156\151\202\211\263}{section.71}% 24
\BOOKMARK [2][-]{subsection.75}{\376\377\0001\0005\126\336\143\210\151\155\060\147\060\156\117\177\060\104\145\271}{section.71}% 25
\BOOKMARK [2][-]{subsection.76}{\376\377\201\352\177\322\060\147\060\156\117\177\060\104\145\271}{section.71}% 26
\BOOKMARK [1][-]{section*.81}{\376\377\157\024\177\322\125\117\230\114}{chapter.3}% 27
\BOOKMARK [0][-]{chapter*.90}{\376\377\137\025\165\050\060\373\123\302\200\003\145\207\163\056}{}% 28
\BOOKMARK [0][-]{chapter.91}{\376\377\060\327\060\355\060\363\060\327\060\310\060\250\060\363\060\270\060\313\060\242\060\352\060\363\060\260}{}% 29
\BOOKMARK [1][-]{section.92}{\376\377\060\152\060\134\060\327\060\355\060\363\060\327\060\310\060\114\221\315\211\201\060\113}{chapter.91}% 30
\BOOKMARK [2][-]{subsection.93}{\376\377\060\327\060\355\060\363\060\327\060\310\153\041\173\054\060\147\175\120\147\234\060\157\131\047\060\115\060\117\131\011\060\217\060\213}{section.92}% 31
\BOOKMARK [2][-]{subsection.94}{\376\377\060\327\060\355\060\363\060\327\060\310\060\250\060\363\060\270\060\313\060\242\060\352\060\363\060\260\060\150\060\157}{section.92}% 32
\BOOKMARK [1][-]{section.99}{\376\377\000R\000O\000C\000F\060\342\060\307\060\353\377\032\202\157\060\104\060\327\060\355\060\363\060\327\060\310\060\156\0004\211\201\175\040}{chapter.91}% 33
\BOOKMARK [2][-]{subsection.100}{\376\377\000R\000o\000l\000e\377\010\137\171\122\162\377\011\377\032\000A\000I\060\153\134\002\225\200\133\266\060\156\137\171\122\162\060\222\116\016\060\110\060\213}{section.99}% 34
\BOOKMARK [2][-]{subsection.101}{\376\377\000O\000b\000j\000e\000c\000t\000i\000v\000e\377\010\166\356\166\204\377\011\377\032\117\125\060\222\060\127\060\146\060\173\060\127\060\104\060\113\146\016\170\272\060\153}{section.99}% 35
\BOOKMARK [2][-]{subsection.105}{\376\377\000C\000o\000n\000t\000e\000x\000t\377\010\145\207\201\010\377\011\377\032\200\314\146\157\140\305\130\061\060\222\143\320\117\233\060\131\060\213}{section.99}% 36
\BOOKMARK [2][-]{subsection.106}{\376\377\000F\000o\000r\000m\000a\000t\377\010\137\142\137\017\377\011\377\032\121\372\122\233\137\142\137\017\060\222\143\007\133\232\060\131\060\213}{section.99}% 37
\BOOKMARK [2][-]{subsection.107}{\376\377\000R\000O\000C\000F\060\342\060\307\060\353\060\156\133\237\215\365\040\025\040\025\0004\211\201\175\040\060\222\175\104\060\177\124\010\060\217\060\133\060\213}{section.99}% 38
\BOOKMARK [1][-]{section.108}{\376\377\127\372\147\054\166\204\060\152\060\327\060\355\060\363\060\327\060\310\142\200\154\325}{chapter.91}% 39
\BOOKMARK [2][-]{subsection.109}{\376\377\000Z\000e\000r\000o\000-\000s\000h\000o\000t\000\040\000P\000r\000o\000m\000p\000t\000i\000n\000g\377\010\117\213\060\152\060\127\060\147\143\007\171\072\377\011}{section.108}% 40
\BOOKMARK [2][-]{subsection.110}{\376\377\000F\000e\000w\000-\000s\000h\000o\000t\000\040\000P\000r\000o\000m\000p\000t\000i\000n\000g\377\010\117\213\060\222\155\373\060\110\060\146\143\007\171\072\377\011}{section.108}% 41
\BOOKMARK [2][-]{subsection.111}{\376\377\000C\000h\000a\000i\000n\000-\000o\000f\000-\000T\000h\000o\000u\000g\000h\000t\377\010\060\271\060\306\060\303\060\327\060\320\060\244\060\271\060\306\060\303\060\327\060\156\140\035\200\003\060\222\117\303\060\131\377\011}{section.108}% 42
\BOOKMARK [2][-]{subsection.112}{\376\377\124\004\142\200\154\325\060\156\153\324\217\003\060\150\117\177\060\104\122\006\060\121}{section.108}% 43
\BOOKMARK [1][-]{section.115}{\376\377\232\330\136\246\060\152\060\327\060\355\060\363\060\327\060\310\142\200\154\325}{chapter.91}% 44
\BOOKMARK [2][-]{subsection.116}{\376\377\060\332\060\353\060\275\060\312\212\055\133\232}{section.115}% 45
\BOOKMARK [2][-]{subsection.117}{\376\377\153\265\226\216\166\204\174\276\175\373\123\026\377\010\000I\000t\000e\000r\000a\000t\000i\000v\000e\000\040\000R\000e\000f\000i\000n\000e\000m\000e\000n\000t\377\011}{section.115}% 46
\BOOKMARK [2][-]{subsection.118}{\376\377\060\341\060\277\060\327\060\355\060\363\060\327\060\306\060\243\060\363\060\260}{section.115}% 47
\BOOKMARK [2][-]{subsection.122}{\376\377\122\066\175\004\147\141\116\366\060\156\155\073\165\050}{section.115}% 48
\BOOKMARK [1][-]{section.132}{\376\377\133\237\215\365\166\204\060\152\060\327\060\355\060\363\060\327\060\310\212\055\212\010\142\200\154\325}{chapter.91}% 49
\BOOKMARK [2][-]{subsection.133}{\376\377\000X\000M\000L\060\277\060\260\060\153\060\210\060\213\060\327\060\355\060\363\060\327\060\310\060\156\151\313\220\040\123\026}{section.132}% 50
\BOOKMARK [2][-]{subsection.134}{\376\377\225\167\145\207\060\263\060\363\060\306\060\255\060\271\060\310\060\156\122\271\147\234\166\204\060\152\221\115\177\156}{section.132}% 51
\BOOKMARK [2][-]{subsection.135}{\376\377\137\025\165\050\060\331\060\374\060\271\060\156\126\336\173\124\060\147\153\143\170\272\140\047\060\222\232\330\060\201\060\213}{section.132}% 52
\BOOKMARK [2][-]{subsection.136}{\376\377\143\007\171\072\060\156\146\016\170\272\123\026\377\032\060\014\060\204\060\213\060\152\060\015\060\210\060\212\060\014\116\343\060\217\060\212\060\153\060\123\060\106\060\127\060\146\060\015}{section.132}% 53
\BOOKMARK [2][-]{subsection.137}{\376\377\145\207\201\010\060\150\164\006\165\061\060\222\155\373\060\110\060\213}{section.132}% 54
\BOOKMARK [1][-]{section.138}{\376\377\060\317\060\353\060\267\060\315\060\374\060\267\060\347\060\363\060\156\164\006\211\343\060\150\133\376\173\126}{chapter.91}% 55
\BOOKMARK [2][-]{subsection.139}{\376\377\060\317\060\353\060\267\060\315\060\374\060\267\060\347\060\363\060\150\060\157\117\125\060\113}{section.138}% 56
\BOOKMARK [2][-]{subsection.140}{\376\377\170\024\172\166\155\073\122\325\060\147\162\171\060\153\123\161\226\172\060\152\060\317\060\353\060\267\060\315\060\374\060\267\060\347\060\363}{section.138}% 57
\BOOKMARK [2][-]{subsection.144}{\376\377\0005\060\144\060\156\133\376\173\126\154\325}{section.138}% 58
\BOOKMARK [1][-]{section.145}{\376\377\170\024\172\166\155\073\122\325\060\153\060\112\060\121\060\213\060\327\060\355\060\363\060\327\060\310\212\055\212\010\060\156\133\237\215\365}{chapter.91}% 59
\BOOKMARK [2][-]{subsection.146}{\376\377\145\207\163\056\212\277\147\373\165\050\060\327\060\355\060\363\060\327\060\310\060\156\212\055\212\010}{section.145}% 60
\BOOKMARK [2][-]{subsection.147}{\376\377\212\326\145\207\127\367\173\106\165\050\060\327\060\355\060\363\060\327\060\310\060\156\212\055\212\010}{section.145}% 61
\BOOKMARK [2][-]{subsection.148}{\376\377\060\263\060\374\060\311\165\037\142\020\165\050\060\327\060\355\060\363\060\327\060\310\060\156\212\055\212\010}{section.145}% 62
\BOOKMARK [2][-]{subsection.154}{\376\377\060\327\060\355\060\363\060\327\060\310\060\306\060\363\060\327\060\354\060\374\060\310\060\156\173\241\164\006}{section.145}% 63
\BOOKMARK [1][-]{section*.176}{\376\377\157\024\177\322\125\117\230\114}{chapter.91}% 64
\BOOKMARK [0][-]{chapter*.196}{\376\377\137\025\165\050\060\373\123\302\200\003\145\207\163\056}{}% 65
\BOOKMARK [0][-]{chapter.197}{\376\377\000A\000I\060\222\117\177\060\143\060\137\145\207\163\056\212\277\147\373}{}% 66
\BOOKMARK [1][-]{section.198}{\376\377\170\024\172\166\212\277\147\373\060\156\212\262\230\114}{chapter.197}% 67
\BOOKMARK [2][-]{subsection.199}{\376\377\140\305\130\061\162\006\166\172\060\156\146\102\116\343}{section.198}% 68
\BOOKMARK [2][-]{subsection.200}{\376\377\060\255\060\374\060\357\060\374\060\311\060\156\130\301}{section.198}% 69
\BOOKMARK [2][-]{subsection.201}{\376\377\146\102\225\223\166\204\122\066\175\004}{section.198}% 70
\BOOKMARK [2][-]{subsection.202}{\376\377\140\035\200\003\060\156\120\134\156\336}{section.198}% 71
\BOOKMARK [2][-]{subsection.203}{\376\377\137\223\147\145\060\156\212\277\147\373\060\327\060\355\060\273\060\271\060\150\000A\000I\155\073\165\050\060\156\153\324\217\003}{section.198}% 72
\BOOKMARK [1][-]{section.206}{\376\377\145\207\163\056\212\277\147\373\000A\000I\060\304\060\374\060\353\060\156\117\177\060\104\122\006\060\121}{chapter.197}% 73
\BOOKMARK [2][-]{subsection.207}{\376\377\133\376\212\161\127\213\000A\000I\000\040\040\024\000\040\060\326\060\354\060\271\060\310\060\373\130\301\142\123\060\141\060\156\166\370\150\322}{section.206}% 74
\BOOKMARK [2][-]{subsection.208}{\376\377\151\034\175\042\162\171\123\026\127\213\000A\000I\000\040\040\024\000\040\121\372\121\170\116\330\060\115\126\336\173\124\060\147\060\265\060\374\060\331\060\244\060\156\122\035\122\325}{section.206}% 75
\BOOKMARK [2][-]{subsection.209}{\376\377\212\326\145\207\122\006\147\220\000A\000I\000\040\040\024\000\040\155\361\143\230\060\212\060\156\060\137\060\201\060\156\134\002\225\200\060\304\060\374\060\353}{section.206}% 76
\BOOKMARK [2][-]{subsection.212}{\376\377\166\356\166\204\122\045\060\325\060\355\060\374\060\301\060\343\060\374\060\310}{section.206}% 77
\BOOKMARK [1][-]{section.223}{\376\377\0004\060\271\060\306\060\303\060\327\060\156\145\207\163\056\212\277\147\373\060\357\060\374\060\257\060\325\060\355\060\374}{chapter.197}% 78
\BOOKMARK [2][-]{subsection.224}{\376\377\000S\000t\000e\000p\000\040\0001\000:\000\040\060\255\060\374\060\357\060\374\060\311\142\341\137\065\000\040\040\024\000\040\000A\000I\060\147\225\242\220\043\060\255\060\374\060\357\060\374\060\311\060\222\166\172\211\213\060\131\060\213}{section.223}% 79
\BOOKMARK [2][-]{subsection.239}{\376\377\000S\000t\000e\000p\000\040\0002\000:\000\040\121\150\117\123\120\317\060\222\143\264\060\200\060\265\060\374\060\331\060\244\000\040\040\024\000\040\000P\000e\000r\000p\000l\000e\000x\000i\000t\000y\173\111\060\147\117\357\167\260\060\131\060\213}{section.223}% 80
\BOOKMARK [2][-]{subsection.250}{\376\377\000S\000t\000e\000p\000\040\0003\000:\000\040\154\350\166\356\212\326\145\207\060\156\155\361\143\230\060\212\000\040\040\024\000\040\060\242\060\326\060\271\060\310\060\351\060\257\060\310\060\113\060\211\151\313\220\040\166\204\211\201\175\004\060\170}{section.223}% 81
\BOOKMARK [2][-]{subsection.256}{\376\377\000S\000t\000e\000p\000\040\0004\000:\000\040\170\024\172\166\060\156\145\260\211\217\140\047\060\222\212\000\212\236\123\026\060\131\060\213}{section.223}% 82
\BOOKMARK [1][-]{section.262}{\376\377\140\305\130\061\060\156\142\171\122\044\166\204\151\034\212\074}{chapter.197}% 83
\BOOKMARK [2][-]{subsection.263}{\376\377\000A\000I\060\114\121\372\122\233\060\127\060\137\212\326\145\207\140\305\130\061\060\156\060\325\060\241\060\257\060\310\060\301\060\247\060\303\060\257\142\113\154\325}{section.262}% 84
\BOOKMARK [2][-]{subsection.268}{\376\377\133\130\127\050\060\127\060\152\060\104\212\326\145\207\060\170\060\156\133\376\121\346\377\010\060\317\060\353\060\267\060\315\060\374\060\267\060\347\060\363\125\117\230\114\377\011}{section.262}% 85
\BOOKMARK [2][-]{subsection.269}{\376\377\060\320\060\244\060\242\060\271\060\156\212\215\213\130}{section.262}% 86
\BOOKMARK [1][-]{section.274}{\376\377\145\207\163\056\173\241\164\006\060\150\060\176\060\150\060\201}{chapter.197}% 87
\BOOKMARK [2][-]{subsection.275}{\376\377\212\277\147\373\175\120\147\234\060\156\145\164\164\006\154\325}{section.274}% 88
\BOOKMARK [2][-]{subsection.276}{\376\377\000A\000I\060\147\145\207\163\056\060\354\060\323\060\345\060\374\060\156\203\111\172\077\060\222\117\134\142\020\060\131\060\213}{section.274}% 89
\BOOKMARK [2][-]{subsection.282}{\376\377\145\207\163\056\173\241\164\006\060\304\060\374\060\353\060\150\060\156\220\043\144\072}{section.274}% 90
\BOOKMARK [1][-]{section*.289}{\376\377\157\024\177\322\125\117\230\114}{chapter.197}% 91
\BOOKMARK [0][-]{chapter.317}{\376\377\202\361\212\236\212\326\145\207\060\156\127\367\173\106\060\150\143\250\145\162}{}% 92
\BOOKMARK [1][-]{section.318}{\376\377\060\152\060\134\202\361\212\236\212\326\145\207\060\114\137\305\211\201\060\113}{chapter.317}% 93
\BOOKMARK [2][-]{subsection.319}{\376\377\126\375\226\233\117\032\213\160\060\373\060\270\060\343\060\374\060\312\060\353\060\156\221\315\211\201\140\047}{section.318}% 94
\BOOKMARK [2][-]{subsection.320}{\376\377\170\024\172\166\142\020\147\234\060\156\126\375\226\233\166\172\117\341\060\150\212\125\117\241}{section.318}% 95
\BOOKMARK [1][-]{section.321}{\376\377\202\361\212\236\212\326\145\207\060\156\127\372\147\054\151\313\220\040}{chapter.317}% 96
\BOOKMARK [2][-]{subsection.322}{\376\377\000I\000M\000R\000a\000D\151\313\220\040}{section.321}% 97
\BOOKMARK [2][-]{subsection.325}{\376\377\124\004\060\273\060\257\060\267\060\347\060\363\060\156\137\171\122\162\060\150\146\370\060\117\060\171\060\115\121\205\133\271}{section.321}% 98
\BOOKMARK [2][-]{subsection.341}{\376\377\060\321\060\351\060\260\060\351\060\325\060\156\151\313\142\020\154\325}{section.321}% 99
\BOOKMARK [1][-]{section.345}{\376\377\000A\000I\060\222\117\177\060\143\060\137\202\361\212\063\060\357\060\374\060\257\060\325\060\355\060\374}{chapter.317}% 100
\BOOKMARK [1][-]{section.346}{\376\377\143\250\145\162\060\306\060\257\060\313\060\303\060\257}{chapter.317}% 101
\BOOKMARK [2][-]{subsection.347}{\376\377\153\265\226\216\166\204\143\250\145\162\154\325}{section.346}% 102
\BOOKMARK [2][-]{subsection.348}{\376\377\153\324\217\003\143\250\145\162\154\325}{section.346}% 103
\BOOKMARK [2][-]{subsection.349}{\376\377\220\006\177\373\212\063\060\301\060\247\060\303\060\257}{section.346}% 104
\BOOKMARK [2][-]{subsection.350}{\376\377\060\315\060\244\060\306\060\243\060\326\060\301\060\247\060\303\060\257\230\250\060\354\060\323\060\345\060\374}{section.346}% 105
\BOOKMARK [1][-]{section.351}{\376\377\000A\000b\000s\000t\000r\000a\000c\000t\117\134\142\020\060\156\142\200\154\325}{chapter.317}% 106
\BOOKMARK [2][-]{subsection.352}{\376\377\000A\000b\000s\000t\000r\000a\000c\000t\060\156\151\313\220\040}{section.351}% 107
\BOOKMARK [2][-]{subsection.358}{\376\377\0001\0005\0000\040\023\0002\0000\0000\212\236\060\153\060\176\060\150\060\201\060\213\060\327\060\355\060\363\060\327\060\310\212\055\212\010}{section.351}% 108
\BOOKMARK [2][-]{subsection.359}{\376\377\202\157\060\104\000A\000b\000s\000t\000r\000a\000c\000t\060\150\140\252\060\104\000A\000b\000s\000t\000r\000a\000c\000t\060\156\153\324\217\003}{section.351}% 109
\BOOKMARK [1][-]{section.360}{\376\377\060\210\060\117\060\102\060\213\060\337\060\271\060\150\133\376\173\126}{chapter.317}% 110
\BOOKMARK [2][-]{subsection.361}{\376\377\060\131\060\143\060\115\060\212\147\000\134\017\116\073\177\251\377\032\121\227\225\167\060\152\145\345\147\054\212\236\060\222\122\112\060\116\204\075\060\150\060\131}{section.360}% 111
\BOOKMARK [2][-]{subsection.365}{\376\377\060\176\060\132\121\167\117\123\123\026\116\073\177\251\377\032\146\326\146\047\060\152\210\150\163\376\060\222\121\167\117\123\166\204\060\153\060\131\060\213}{section.360}% 112
\BOOKMARK [2][-]{subsection.366}{\376\377\060\150\060\123\060\150\060\223\122\325\212\136\116\073\177\251\377\032\124\015\212\136\123\345\060\222\122\325\212\136\060\153\142\073\060\131}{section.360}% 113
\BOOKMARK [2][-]{subsection.369}{\376\377\200\375\122\325\141\113\060\150\123\327\122\325\141\113\060\156\117\177\060\104\122\006\060\121}{section.360}% 114
\BOOKMARK [2][-]{subsection.378}{\376\377\121\240\212\136\377\010\000a\000/\000t\000h\000e\377\011\060\156\117\177\060\104\122\006\060\121}{section.360}% 115
\BOOKMARK [2][-]{subsection.385}{\376\377\146\102\122\066\060\156\220\170\142\236}{section.360}% 116
\BOOKMARK [2][-]{subsection.395}{\376\377\201\352\122\325\212\136\060\150\116\326\122\325\212\136\060\156\154\350\141\017}{section.360}% 117
\BOOKMARK [2][-]{subsection.396}{\376\377\166\364\212\063\060\153\060\210\060\213\116\015\201\352\161\066\060\152\210\150\163\376}{section.360}% 118
\BOOKMARK [2][-]{subsection.399}{\376\377\134\002\225\200\165\050\212\236\060\156\170\272\212\215\145\271\154\325}{section.360}% 119
\BOOKMARK [1][-]{section.402}{\376\377\133\146\210\123\202\361\212\236\210\150\163\376\226\306}{chapter.317}% 120
\BOOKMARK [2][-]{subsection.403}{\376\377\000I\000n\000t\000r\000o\000d\000u\000c\000t\000i\000o\000n\060\156\133\232\127\213\210\150\163\376}{section.402}% 121
\BOOKMARK [2][-]{subsection.406}{\376\377\000M\000e\000t\000h\000o\000d\000s\060\156\133\232\127\213\210\150\163\376}{section.402}% 122
\BOOKMARK [2][-]{subsection.409}{\376\377\000R\000e\000s\000u\000l\000t\000s\060\156\133\232\127\213\210\150\163\376}{section.402}% 123
\BOOKMARK [2][-]{subsection.412}{\376\377\000D\000i\000s\000c\000u\000s\000s\000i\000o\000n\000\040\000/\000\040\000C\000o\000n\000c\000l\000u\000s\000i\000o\000n\060\156\133\232\127\213\210\150\163\376}{section.402}% 124
\BOOKMARK [0][-]{chapter.444}{\376\377\170\024\172\166\166\172\210\150\060\271\060\351\060\244\060\311\060\156\117\134\142\020}{}% 125
\BOOKMARK [1][-]{section.445}{\376\377\170\024\172\166\166\172\210\150\060\271\060\351\060\244\060\311\060\156\127\372\147\054}{chapter.444}% 126
\BOOKMARK [2][-]{subsection.446}{\376\377\133\146\117\032\166\172\210\150\060\156\127\372\147\054\151\313\142\020}{section.445}% 127
\BOOKMARK [2][-]{subsection.449}{\376\377\146\102\225\223\221\115\122\006\060\156\166\356\133\211\377\010\0001\0000\122\006\166\172\210\150\060\156\130\064\124\010\377\011}{section.445}% 128
\BOOKMARK [2][-]{subsection.452}{\376\377\202\157\060\104\060\271\060\351\060\244\060\311\060\156\123\237\122\107}{section.445}% 129
\BOOKMARK [1][-]{section.453}{\376\377\000A\000I\060\153\060\210\060\213\151\313\142\020\150\110\060\156\165\037\142\020}{chapter.444}% 130
\BOOKMARK [2][-]{subsection.454}{\376\377\170\024\172\166\060\306\060\374\060\336\060\156\151\313\220\040\123\026}{section.453}% 131
\BOOKMARK [2][-]{subsection.455}{\376\377\000A\000I\060\153\151\313\142\020\150\110\060\222\143\320\150\110\060\125\060\133\060\213\060\327\060\355\060\363\060\327\060\310\212\055\212\010}{section.453}% 132
\BOOKMARK [2][-]{subsection.456}{\376\377\165\037\142\020\060\125\060\214\060\137\151\313\142\020\150\110\060\156\142\171\122\044\166\204\151\034\212\016}{section.453}% 133
\BOOKMARK [1][-]{section.457}{\376\377\124\004\060\271\060\351\060\244\060\311\060\156\121\205\133\271\165\037\142\020}{chapter.444}% 134
\BOOKMARK [2][-]{subsection.458}{\376\377\170\024\172\166\200\314\146\157\060\156\145\207\172\340\165\037\142\020}{section.457}% 135
\BOOKMARK [2][-]{subsection.459}{\376\377\170\024\172\166\142\113\154\325\060\156\212\254\146\016\145\207\165\037\142\020}{section.457}% 136
\BOOKMARK [2][-]{subsection.460}{\376\377\170\024\172\166\175\120\147\234\060\156\060\176\060\150\060\201\165\037\142\020}{section.457}% 137
\BOOKMARK [2][-]{subsection.461}{\376\377\134\002\225\200\165\050\212\236\060\150\136\163\146\023\060\152\210\150\163\376\060\156\060\320\060\351\060\363\060\271\212\277\145\164}{section.457}% 138
\BOOKMARK [2][-]{subsection.462}{\376\377\000A\000I\060\156\121\372\122\233\060\222\201\352\122\006\060\156\212\000\204\111\060\153\117\356\153\143\060\131\060\213\221\315\211\201\140\047}{section.457}% 139
\BOOKMARK [1][-]{section.466}{\376\377\060\307\060\266\060\244\060\363\000A\000I\060\153\060\210\060\213\060\271\060\351\060\244\060\311\117\134\142\020}{chapter.444}% 140
\BOOKMARK [2][-]{subsection.467}{\376\377\000G\000a\000m\000m\000a\000\040\040\024\000\040\060\306\060\255\060\271\060\310\060\113\060\211\060\271\060\351\060\244\060\311\060\222\201\352\122\325\165\037\142\020}{section.466}% 141
\BOOKMARK [2][-]{subsection.473}{\376\377\000C\000a\000n\000v\000a\000\040\000A\000I\000\040\040\024\000\040\060\306\060\363\060\327\060\354\060\374\060\310\060\331\060\374\060\271\060\156\060\307\060\266\060\244\060\363\145\057\143\364}{section.466}% 142
\BOOKMARK [2][-]{subsection.479}{\376\377\060\307\060\266\060\244\060\363\000A\000I\060\156\117\177\060\104\122\006\060\121}{section.466}% 143
\BOOKMARK [1][-]{section.482}{\376\377\126\363\210\150\060\373\151\202\137\365\126\363\060\156\165\037\142\020}{chapter.444}% 144
\BOOKMARK [2][-]{subsection.483}{\376\377\165\073\120\317\165\037\142\020\000A\000I\060\153\060\210\060\213\151\202\137\365\126\363}{section.482}% 145
\BOOKMARK [2][-]{subsection.484}{\376\377\060\306\060\255\060\271\060\310\060\331\060\374\060\271\126\363\210\150\060\304\060\374\060\353\000\040\040\024\000\040\000M\000e\000r\000m\000a\000i\000d\000.\000j\000s\060\156\155\073\165\050}{section.482}% 146
\BOOKMARK [2][-]{subsection.504}{\376\377\165\037\142\020\165\073\120\317\060\156\204\127\117\134\152\051\060\150\153\143\170\272\140\047\060\156\151\034\212\074}{section.482}% 147
\BOOKMARK [1][-]{section.505}{\376\377\166\370\116\222\060\354\060\323\060\345\060\374\060\150\145\071\125\204}{chapter.444}% 148
\BOOKMARK [2][-]{subsection.506}{\376\377\060\324\060\242\060\354\060\323\060\345\060\374\060\156\060\301\060\247\060\303\060\257\060\335\060\244\060\363\060\310}{section.505}% 149
\BOOKMARK [2][-]{subsection.507}{\376\377\000A\000I\060\153\060\014\200\164\210\106\060\150\060\127\060\146\060\015\060\325\060\243\060\374\060\311\060\320\060\303\060\257\060\125\060\133\060\213}{section.505}% 150
\BOOKMARK [0][-]{chapter.537}{\376\377\000A\000I\060\153\060\210\060\213\060\263\060\374\060\311\165\037\142\020\060\150\060\306\060\271\060\310}{}% 151
\BOOKMARK [1][-]{section.538}{\376\377\000A\000I\060\150\060\275\060\325\060\310\060\246\060\247\060\242\225\213\166\172\060\156\163\376\127\050}{chapter.537}% 152
\BOOKMARK [2][-]{subsection.539}{\376\377\060\263\060\374\060\311\165\037\142\020\000A\000I\060\156\146\156\123\312\162\266\154\301}{section.538}% 153
\BOOKMARK [2][-]{subsection.542}{\376\377\225\213\166\172\200\005\060\156\000A\000I\122\051\165\050\175\161\212\010}{section.538}% 154
\BOOKMARK [2][-]{subsection.543}{\376\377\000A\000I\060\114\131\011\060\110\060\213\225\213\166\172\060\357\060\374\060\257\060\325\060\355\060\374}{section.538}% 155
\BOOKMARK [1][-]{section.544}{\376\377\000A\000I\060\153\060\210\060\213\060\263\060\374\060\311\165\037\142\020\060\156\127\372\147\054}{chapter.537}% 156
\BOOKMARK [2][-]{subsection.545}{\376\377\127\372\147\054\060\325\060\355\060\374}{section.544}% 157
\BOOKMARK [2][-]{subsection.546}{\376\377\122\271\147\234\166\204\060\152\060\327\060\355\060\363\060\327\060\310\060\156\0004\211\201\175\040}{section.544}% 158
\BOOKMARK [2][-]{subsection.549}{\376\377\000B\000a\000d\000\040\000p\000r\000o\000m\000p\000t\000\040\000v\000s\000\040\000G\000o\000o\000d\000\040\000p\000r\000o\000m\000p\000t\000\040\060\156\153\324\217\003}{section.544}% 159
\BOOKMARK [1][-]{section.608}{\376\377\116\073\211\201\060\304\060\374\060\353\060\156\155\073\165\050\154\325}{chapter.537}% 160
\BOOKMARK [2][-]{subsection.609}{\376\377\000G\000e\000m\000i\000n\000i\000\040\000/\000\040\000C\000h\000a\000t\000G\000P\000T\000\040\000/\000\040\000C\000l\000a\000u\000d\000e\000\040\060\147\060\156\060\263\060\374\060\311\165\037\142\020}{section.608}% 161
\BOOKMARK [2][-]{subsection.613}{\376\377\000G\000i\000t\000H\000u\000b\000\040\000C\000o\000p\000i\000l\000o\000t\000\040\060\156\155\073\165\050}{section.608}% 162
\BOOKMARK [2][-]{subsection.624}{\376\377\133\376\212\161\166\204\060\263\060\374\060\311\225\213\166\172\060\156\060\306\060\257\060\313\060\303\060\257}{section.608}% 163
\BOOKMARK [1][-]{section.625}{\376\377\133\237\215\365\060\306\060\257\060\313\060\303\060\257}{chapter.537}% 164
\BOOKMARK [2][-]{subsection.626}{\376\377\153\265\226\216\166\204\225\213\166\172\000:\000\040\225\242\145\160\123\130\117\115\060\147\165\037\142\020\060\373\151\034\212\074}{section.625}% 165
\BOOKMARK [2][-]{subsection.627}{\376\377\060\306\060\271\060\310\231\306\122\325\000:\000\040\060\306\060\271\060\310\060\261\060\374\060\271\060\222\121\110\060\153\146\370\060\113\060\133\060\213}{section.625}% 166
\BOOKMARK [2][-]{subsection.628}{\376\377\060\352\060\325\060\241\060\257\060\277\060\352\060\363\060\260\117\235\230\074}{section.625}% 167
\BOOKMARK [2][-]{subsection.629}{\376\377\060\307\060\320\060\303\060\260\145\057\143\364\000:\000\040\060\250\060\351\060\374\060\341\060\303\060\273\060\374\060\270\060\156\155\073\165\050}{section.625}% 168
\BOOKMARK [1][-]{section.630}{\376\377\060\306\060\271\060\310\060\263\060\374\060\311\060\156\201\352\122\325\165\037\142\020}{chapter.537}% 169
\BOOKMARK [2][-]{subsection.631}{\376\377\000p\000y\000t\000e\000s\000t\060\153\060\210\060\213\060\306\060\271\060\310\060\261\060\374\060\271\165\037\142\020}{section.630}% 170
\BOOKMARK [2][-]{subsection.727}{\376\377\060\306\060\271\060\310\060\253\060\320\060\354\060\303\060\270\060\156\200\003\060\110\145\271}{section.630}% 171
\BOOKMARK [2][-]{subsection.732}{\376\377\000A\000I\165\037\142\020\060\306\060\271\060\310\060\156\151\034\212\074\060\335\060\244\060\363\060\310}{section.630}% 172
\BOOKMARK [1][-]{section.737}{\376\377\000A\000I\060\263\060\374\060\311\060\354\060\323\060\345\060\374\060\150\060\352\060\325\060\241\060\257\060\277\060\352\060\363\060\260}{chapter.537}% 173
\BOOKMARK [2][-]{subsection.738}{\376\377\000A\000I\060\153\060\263\060\374\060\311\060\354\060\323\060\345\060\374\060\222\117\235\230\074\060\131\060\213\060\327\060\355\060\363\060\327\060\310}{section.737}% 174
\BOOKMARK [2][-]{subsection.739}{\376\377\060\263\060\374\060\311\060\354\060\323\060\345\060\374\060\301\060\247\060\303\060\257\060\352\060\271\060\310}{section.737}% 175
\BOOKMARK [2][-]{subsection.740}{\376\377\060\352\060\325\060\241\060\257\060\277\060\352\060\363\060\260\060\156\172\056\230\136\060\150\220\151\165\050\130\064\227\142}{section.737}% 176
\BOOKMARK [2][-]{subsection.743}{\376\377\060\311\060\255\060\345\060\341\060\363\060\310\201\352\122\325\165\037\142\020}{section.737}% 177
\BOOKMARK [1][-]{section.744}{\376\377\000A\000I\165\037\142\020\060\263\060\374\060\311\060\156\124\301\214\352\060\150\154\350\141\017\160\271}{chapter.537}% 178
\BOOKMARK [2][-]{subsection.745}{\376\377\060\273\060\255\060\345\060\352\060\306\060\243\060\352\060\271\060\257}{section.744}% 179
\BOOKMARK [2][-]{subsection.782}{\376\377\060\351\060\244\060\273\060\363\060\271\125\117\230\114}{section.744}% 180
\BOOKMARK [2][-]{subsection.783}{\376\377\060\014\117\341\230\074\060\131\060\213\060\114\151\034\212\074\060\131\060\213\060\015\060\156\123\237\122\107}{section.744}% 181
\BOOKMARK [2][-]{subsection.784}{\376\377\170\024\172\166\060\263\060\374\060\311\060\156\121\215\163\376\140\047\170\272\117\335}{section.744}% 182
\BOOKMARK [0][-]{chapter.849}{\376\377\060\307\060\374\060\277\122\006\147\220\060\150\123\357\211\226\123\026}{}% 183
\BOOKMARK [1][-]{section.850}{\376\377\170\024\172\166\060\153\060\112\060\121\060\213\060\307\060\374\060\277\122\006\147\220}{chapter.849}% 184
\BOOKMARK [2][-]{subsection.851}{\376\377\060\152\060\134\060\307\060\374\060\277\122\006\147\220\060\114\221\315\211\201\060\113}{section.850}% 185
\BOOKMARK [2][-]{subsection.856}{\376\377\000A\000I\060\114\060\307\060\374\060\277\122\006\147\220\060\222\060\151\060\106\131\011\060\110\060\213\060\113}{section.850}% 186
\BOOKMARK [1][-]{section.857}{\376\377\060\307\060\374\060\277\122\006\147\220\060\357\060\374\060\257\060\325\060\355\060\374}{chapter.849}% 187
\BOOKMARK [2][-]{subsection.858}{\376\377\000S\000t\000e\000p\000\040\0001\000:\000\040\060\307\060\374\060\277\060\156\164\006\211\343\060\150\122\115\121\346\164\006}{section.857}% 188
\BOOKMARK [2][-]{subsection.924}{\376\377\000S\000t\000e\000p\000\040\0002\000:\000\040\143\242\175\042\166\204\060\307\060\374\060\277\122\006\147\220\377\010\000E\000D\000A\377\011}{section.857}% 189
\BOOKMARK [2][-]{subsection.929}{\376\377\000S\000t\000e\000p\000\040\0003\000:\000\040\175\161\212\010\166\204\151\034\133\232}{section.857}% 190
\BOOKMARK [1][-]{section.935}{\376\377\212\326\145\207\124\301\214\352\060\156\060\260\060\351\060\325\117\134\142\020}{chapter.849}% 191
\BOOKMARK [2][-]{subsection.936}{\376\377\000m\000a\000t\000p\000l\000o\000t\000l\000i\000b\000\040\000/\000\040\000s\000e\000a\000b\000o\000r\000n\000\040\060\156\127\372\147\054}{section.935}% 192
\BOOKMARK [2][-]{subsection.937}{\376\377\122\271\147\234\166\204\060\152\060\260\060\351\060\325\060\156\220\170\060\163\145\271}{section.935}% 193
\BOOKMARK [2][-]{subsection.938}{\376\377\212\326\145\207\060\153\137\305\211\201\060\152\060\260\060\351\060\325\060\156\211\201\175\040}{section.935}% 194
\BOOKMARK [2][-]{subsection.939}{\376\377\166\175\236\322\123\160\122\067\133\376\137\334\060\156\060\260\060\351\060\325\212\055\212\010}{section.935}% 195
\BOOKMARK [2][-]{subsection.944}{\376\377\000A\000I\060\147\060\260\060\351\060\325\117\134\142\020\060\263\060\374\060\311\060\222\165\037\142\020\060\131\060\213\060\327\060\355\060\363\060\327\060\310\117\213}{section.935}% 196
\BOOKMARK [1][-]{section.945}{\376\377\060\244\060\363\060\277\060\351\060\257\060\306\060\243\060\326\123\357\211\226\123\026}{chapter.849}% 197
\BOOKMARK [2][-]{subsection.946}{\376\377\000P\000l\000o\000t\000l\000y\060\156\175\071\116\313}{section.945}% 198
\BOOKMARK [2][-]{subsection.967}{\376\377\060\307\060\374\060\277\143\242\175\042\060\147\060\156\155\073\165\050}{section.945}% 199
\BOOKMARK [1][-]{section.968}{\376\377\000A\000I\060\222\117\177\060\143\060\137\060\307\060\374\060\277\122\006\147\220\060\156\204\075\060\150\060\127\172\164}{chapter.849}% 200
\BOOKMARK [2][-]{subsection.969}{\376\377\175\161\212\010\166\204\060\152\212\244\211\343}{section.968}% 201
\BOOKMARK [2][-]{subsection.970}{\376\377\220\116\133\146\177\322\060\170\060\156\154\350\141\017}{section.968}% 202
\BOOKMARK [2][-]{subsection.971}{\376\377\000A\000I\060\114\121\372\060\127\060\137\175\161\212\010\175\120\147\234\060\222\235\134\124\121\060\177\060\153\060\127\060\152\060\104}{section.968}% 203
\BOOKMARK [1][-]{section.972}{\376\377\133\237\117\213\377\032\000A\000I\060\222\165\050\060\104\060\137\060\242\060\363\060\261\060\374\060\310\212\277\147\373\060\307\060\374\060\277\060\156\175\161\212\010\122\006\147\220}{chapter.849}% 204
\BOOKMARK [2][-]{subsection.973}{\376\377\170\024\172\166\060\156\151\202\211\201}{section.972}% 205
\BOOKMARK [2][-]{subsection.974}{\376\377\000A\000I\060\150\060\156\123\124\120\315\060\156\133\237\226\233\377\032\060\263\060\337\060\303\060\310\134\145\153\164\060\113\060\211}{section.972}% 206
\BOOKMARK [2][-]{subsection.980}{\376\377\000A\000I\060\114\225\223\220\125\060\110\060\137\121\167\117\123\117\213}{section.972}% 207
\BOOKMARK [2][-]{subsection.983}{\376\377\060\123\060\156\116\213\117\213\060\113\060\211\133\146\060\171\060\213\060\123\060\150}{section.972}% 208
\BOOKMARK [0][-]{chapter*.989}{\376\377\137\025\165\050\060\373\123\302\200\003\145\207\163\056}{}% 209
\BOOKMARK [0][-]{chapter.990}{\376\377\000G\000i\000t\000H\000u\000b\060\153\060\210\060\213\170\024\172\166\142\020\147\234\173\241\164\006}{}% 210
\BOOKMARK [1][-]{section.991}{\376\377\060\152\060\134\131\047\133\146\226\142\165\037\060\114\000G\000i\000t\000H\000u\000b\060\222\117\177\060\106\060\171\060\115\060\113}{chapter.990}% 211
\BOOKMARK [2][-]{subsection.992}{\376\377\170\024\172\166\060\263\060\374\060\311\060\156\060\320\060\374\060\270\060\347\060\363\173\241\164\006}{section.991}% 212
\BOOKMARK [2][-]{subsection.993}{\376\377\121\161\124\014\170\024\172\166\060\147\060\156\155\073\165\050}{section.991}% 213
\BOOKMARK [2][-]{subsection.994}{\376\377\134\061\200\167\155\073\122\325\060\147\060\156\060\335\060\374\060\310\060\325\060\251\060\352\060\252\122\271\147\234}{section.991}% 214
\BOOKMARK [2][-]{subsection.995}{\376\377\060\252\060\374\060\327\060\363\060\265\060\244\060\250\060\363\060\271\060\170\060\156\214\242\163\056}{section.991}% 215
\BOOKMARK [1][-]{section.996}{\376\377\000G\000i\000t\060\156\127\372\171\016}{chapter.990}% 216
\BOOKMARK [2][-]{subsection.997}{\376\377\060\320\060\374\060\270\060\347\060\363\173\241\164\006\060\150\060\157\117\125\060\113}{section.996}% 217
\BOOKMARK [2][-]{subsection.998}{\376\377\060\352\060\335\060\270\060\310\060\352\060\001\060\263\060\337\060\303\060\310\060\001\060\326\060\351\060\363\060\301\060\156\127\372\147\054\151\202\137\365}{section.996}% 218
\BOOKMARK [1][-]{section.1001}{\376\377\000G\000i\000t\000H\000u\000b\060\156\127\372\147\054\144\315\117\134}{chapter.990}% 219
\BOOKMARK [2][-]{subsection.1002}{\376\377\000G\000i\000t\000H\000u\000b\060\242\060\253\060\246\060\363\060\310\060\156\117\134\142\020}{section.1001}% 220
\BOOKMARK [2][-]{subsection.1006}{\376\377\000G\000i\000t\000H\000u\000b\000\040\000D\000e\000s\000k\000t\000o\000p\000\040\060\156\060\273\060\303\060\310\060\242\060\303\060\327}{section.1001}% 221
\BOOKMARK [2][-]{subsection.1007}{\376\377\060\352\060\335\060\270\060\310\060\352\060\156\117\134\142\020\060\150\060\257\060\355\060\374\060\363}{section.1001}% 222
\BOOKMARK [2][-]{subsection.1012}{\376\377\060\263\060\337\060\303\060\310\041\222\060\327\060\303\060\267\060\345\060\156\127\372\147\054\060\325\060\355\060\374}{section.1001}% 223
\BOOKMARK [2][-]{subsection.1018}{\376\377\000V\000S\000\040\000C\000o\000d\000e\000\040\060\150\060\156\220\043\144\072}{section.1001}% 224
\BOOKMARK [1][-]{section.1019}{\376\377\000A\000I\060\147\000W\000e\000b\060\332\060\374\060\270\060\222\117\134\142\020\060\131\060\213}{chapter.990}% 225
\BOOKMARK [2][-]{subsection.1020}{\376\377\000A\000I\060\147\000H\000T\000M\000L\000/\000C\000S\000S\060\263\060\374\060\311\060\222\165\037\142\020\060\131\060\213}{section.1019}% 226
\BOOKMARK [2][-]{subsection.1021}{\376\377\000V\000S\000\040\000C\000o\000d\000e\060\147\060\156\175\350\226\306\060\150\060\327\060\354\060\323\060\345\060\374}{section.1019}% 227
\BOOKMARK [2][-]{subsection.1028}{\376\377\000A\000I\060\147\060\253\060\271\060\277\060\336\060\244\060\272\060\131\060\213}{section.1019}% 228
\BOOKMARK [1][-]{section.1029}{\376\377\000G\000i\000t\000H\000u\000b\000\040\000P\000a\000g\000e\000s\060\147\121\154\225\213\060\131\060\213}{chapter.990}% 229
\BOOKMARK [2][-]{subsection.1030}{\376\377\000G\000i\000t\000H\000u\000b\000\040\000P\000a\000g\000e\000s\060\150\060\157}{section.1029}% 230
\BOOKMARK [2][-]{subsection.1031}{\376\377\000G\000i\000t\000H\000u\000b\000\040\000P\000a\000g\000e\000s\000\040\060\156\212\055\133\232\142\113\230\006}{section.1029}% 231
\BOOKMARK [2][-]{subsection.1037}{\376\377\146\364\145\260\060\325\060\355\060\374}{section.1029}% 232
\BOOKMARK [1][-]{section.1038}{\376\377\170\024\172\166\060\335\060\374\060\310\060\325\060\251\060\352\060\252\060\156\151\313\173\311}{chapter.990}% 233
\BOOKMARK [2][-]{subsection.1039}{\376\377\060\335\060\374\060\310\060\325\060\251\060\352\060\252\060\153\124\053\060\201\060\213\060\202\060\156}{section.1038}% 234
\BOOKMARK [2][-]{subsection.1040}{\376\377\000R\000E\000A\000D\000M\000E\000.\000m\000d\000\040\060\156\146\370\060\115\145\271}{section.1038}% 235
\BOOKMARK [2][-]{subsection.1041}{\376\377\060\325\060\251\060\353\060\300\151\313\142\020\060\156\060\331\060\271\060\310\060\327\060\351\060\257\060\306\060\243\060\271}{section.1038}% 236
\BOOKMARK [1][-]{section.1042}{\376\377\121\161\124\014\170\024\172\166\060\147\060\156\000G\000i\000t\000H\000u\000b\155\073\165\050}{chapter.990}% 237
\BOOKMARK [2][-]{subsection.1043}{\376\377\000I\000s\000s\000u\000e\000\040\060\153\060\210\060\213\212\262\230\114\173\241\164\006}{section.1042}% 238
\BOOKMARK [2][-]{subsection.1044}{\376\377\000P\000u\000l\000l\000\040\000R\000e\000q\000u\000e\000s\000t\000\040\060\153\060\210\060\213\060\263\060\374\060\311\060\354\060\323\060\345\060\374}{section.1042}% 239
\BOOKMARK [2][-]{subsection.1050}{\376\377\170\024\172\166\060\263\060\374\060\311\060\156\121\161\147\011\060\150\060\351\060\244\060\273\060\363\060\271}{section.1042}% 240
\BOOKMARK [0][-]{chapter.1052}{\376\377\134\061\155\073\145\207\146\370\060\156\117\134\142\020}{}% 241
\BOOKMARK [1][-]{section.1053}{\376\377\131\047\133\146\226\142\165\037\060\156\134\061\200\167\155\073\122\325\060\150\000A\000I}{chapter.1052}% 242
\BOOKMARK [1][-]{section.1056}{\376\377\060\254\060\257\060\301\060\253\060\150\060\157\117\125\060\113}{chapter.1052}% 243
\BOOKMARK [1][-]{section.1061}{\376\377\000A\000I\060\222\117\177\060\143\060\137\060\254\060\257\060\301\060\253\117\134\142\020\060\357\060\374\060\257\060\325\060\355\060\374}{chapter.1052}% 244
\BOOKMARK [2][-]{subsection.1062}{\376\377\000S\000t\000e\000p\000\040\0001\000:\000\040\175\040\147\120\060\156\150\332\123\170\060\127\000\040\040\024\000\040\000A\000I\060\153\130\301\142\123\060\141\060\127\060\146\060\202\060\211\060\106}{section.1061}% 245
\BOOKMARK [2][-]{subsection.1063}{\376\377\000S\000t\000e\000p\000\040\0002\000:\000\040\000S\000T\000A\000R\154\325\060\147\060\156\151\313\220\040\123\026}{section.1061}% 246
\BOOKMARK [2][-]{subsection.1064}{\376\377\000S\000t\000e\000p\000\040\0003\000:\000\040\000A\000I\060\147\145\207\172\340\123\026\377\010\0004\0000\0000\133\127\172\013\136\246\377\011}{section.1061}% 247
\BOOKMARK [2][-]{subsection.1065}{\376\377\000S\000t\000e\000p\000\040\0004\000:\000\040\000A\000I\060\147\143\250\145\162\060\373\155\373\122\112}{section.1061}% 248
\BOOKMARK [1][-]{section.1073}{\376\377\170\024\172\166\060\222\227\136\134\002\225\200\133\266\060\153\117\035\060\110\060\213\142\200\154\325}{chapter.1052}% 249
\BOOKMARK [1][-]{section.1078}{\376\377\000E\000S\121\150\117\123\060\147\060\156\000A\000I\155\073\165\050}{chapter.1052}% 250
\BOOKMARK [1][-]{section.1083}{\376\377\227\142\143\245\156\226\120\231\060\147\060\156\000A\000I\155\073\165\050}{chapter.1052}% 251
\BOOKMARK [0][-]{chapter.1090}{\376\377\170\024\172\166\060\156\145\260\211\217\140\047\122\006\147\220\060\150\175\317\124\010\157\024\177\322}{}% 252
\BOOKMARK [1][-]{section.1091}{\376\377\060\152\060\134\145\260\211\217\140\047\060\156\212\000\212\236\123\026\060\114\221\315\211\201\060\113}{chapter.1090}% 253
\BOOKMARK [1][-]{section.1092}{\376\377\145\260\211\217\140\047\122\006\147\220\060\156\0003\060\144\060\156\211\263\160\271}{chapter.1090}% 254
\BOOKMARK [2][-]{subsection.1093}{\376\377\211\263\160\271\0001\000:\000\040\145\271\154\325\212\326\166\204\145\260\211\217\140\047\000\040\040\024\000\040\145\260\060\127\060\104\142\113\154\325\060\373\060\242\060\327\060\355\060\374\060\301\060\156\143\320\150\110}{section.1092}% 255
\BOOKMARK [2][-]{subsection.1094}{\376\377\211\263\160\271\0002\000:\000\040\133\237\215\365\166\204\145\260\211\217\140\047\000\040\040\024\000\040\133\237\116\026\165\114\060\170\060\156\220\151\165\050\060\373\151\034\212\074}{section.1092}% 256
\BOOKMARK [2][-]{subsection.1095}{\376\377\211\263\160\271\0003\000:\000\040\146\102\225\223\166\204\211\263\160\271\000\040\040\024\000\040\147\000\145\260\060\156\170\024\172\166\122\325\124\021\060\156\116\055\060\147\060\156\117\115\177\156\060\145\060\121}{section.1092}% 257
\BOOKMARK [2][-]{subsection.1096}{\376\377\133\237\117\213\377\032\201\352\122\325\220\113\216\342\133\211\121\150\117\335\212\074\170\024\172\166\060\156\145\260\211\217\140\047\122\006\147\220}{section.1092}% 258
\BOOKMARK [1][-]{section.1097}{\376\377\000A\000I\060\222\117\177\060\143\060\137\145\260\211\217\140\047\122\006\147\220\060\357\060\374\060\257\060\325\060\355\060\374}{chapter.1090}% 259
\BOOKMARK [2][-]{subsection.1098}{\376\377\000S\000t\000e\000p\000\040\0001\000:\000\040\170\024\172\166\060\156\117\115\177\156\060\145\060\121\060\336\060\303\060\324\060\363\060\260}{section.1097}% 260
\BOOKMARK [2][-]{subsection.1104}{\376\377\000S\000t\000e\000p\000\040\0002\000:\000\040\145\342\133\130\170\024\172\166\060\150\060\156\135\356\122\006\122\006\147\220}{section.1097}% 261
\BOOKMARK [2][-]{subsection.1109}{\376\377\000S\000t\000e\000p\000\040\0003\000:\000\040\145\260\211\217\140\047\060\156\212\000\212\236\123\026}{section.1097}% 262
\BOOKMARK [1][-]{section.1110}{\376\377\175\317\124\010\157\024\177\322\000:\000\040\170\024\172\166\060\335\060\374\060\310\060\325\060\251\060\352\060\252\060\156\133\214\142\020}{chapter.1090}% 263
\BOOKMARK [1][-]{section.1111}{\376\377\000A\000I\155\073\165\050\060\156\143\057\060\212\217\324\060\212\060\150\116\312\137\214}{chapter.1090}% 264
\BOOKMARK [0][-]{appendix.1122}{\376\377\116\073\211\201\000A\000I\060\304\060\374\060\353\060\352\060\325\060\241\060\354\060\363\060\271}{}% 265
\BOOKMARK [1][-]{section.1123}{\376\377\133\376\212\161\127\213\000A\000I\377\010\154\116\165\050\377\011}{appendix.1122}% 266
\BOOKMARK [1][-]{section.1124}{\376\377\151\034\175\042\162\171\123\026\127\213\000A\000I}{appendix.1122}% 267
\BOOKMARK [1][-]{section.1125}{\376\377\212\326\145\207\122\006\147\220\060\373\127\367\173\106\145\057\143\364\000A\000I}{appendix.1122}% 268
\BOOKMARK [1][-]{section.1126}{\376\377\060\263\060\374\060\311\145\057\143\364\000A\000I}{appendix.1122}% 269
\BOOKMARK [1][-]{section.1127}{\376\377\060\307\060\266\060\244\060\363\060\373\060\327\060\354\060\274\060\363\060\306\060\374\060\267\060\347\060\363\000A\000I}{appendix.1122}% 270
\BOOKMARK [0][-]{appendix.1128}{\376\377\060\327\060\355\060\363\060\327\060\310\060\306\060\363\060\327\060\354\060\374\060\310\226\306}{}% 271
\BOOKMARK [1][-]{section.1129}{\376\377\145\207\163\056\212\277\147\373\165\050\060\327\060\355\060\363\060\327\060\310}{appendix.1128}% 272
\BOOKMARK [1][-]{section.1130}{\376\377\202\361\212\236\212\326\145\207\165\050\060\327\060\355\060\363\060\327\060\310}{appendix.1128}% 273
\BOOKMARK [1][-]{section.1131}{\376\377\060\263\060\374\060\311\165\037\142\020\165\050\060\327\060\355\060\363\060\327\060\310}{appendix.1128}% 274
\BOOKMARK [1][-]{section.1132}{\376\377\060\307\060\374\060\277\122\006\147\220\165\050\060\327\060\355\060\363\060\327\060\310}{appendix.1128}% 275
\BOOKMARK [1][-]{section.1133}{\376\377\060\271\060\351\060\244\060\311\117\134\142\020\165\050\060\327\060\355\060\363\060\327\060\310}{appendix.1128}% 276
\BOOKMARK [1][-]{section.1134}{\376\377\060\254\060\257\060\301\060\253\060\373\000E\000S\165\050\060\327\060\355\060\363\060\327\060\310}{appendix.1128}% 277
\BOOKMARK [0][-]{appendix.1135}{\376\377\133\146\210\123\202\361\212\236\210\150\163\376\226\306}{}% 278
\BOOKMARK [1][-]{section.1136}{\376\377\000I\000n\000t\000r\000o\000d\000u\000c\000t\000i\000o\000n\000\040\060\147\117\177\060\110\060\213\210\150\163\376}{appendix.1135}% 279
\BOOKMARK [1][-]{section.1137}{\376\377\000M\000e\000t\000h\000o\000d\000s\000\040\060\147\117\177\060\110\060\213\210\150\163\376}{appendix.1135}% 280
\BOOKMARK [1][-]{section.1138}{\376\377\000R\000e\000s\000u\000l\000t\000s\000\040\060\147\117\177\060\110\060\213\210\150\163\376}{appendix.1135}% 281
\BOOKMARK [1][-]{section.1139}{\376\377\000D\000i\000s\000c\000u\000s\000s\000i\000o\000n\000/\000C\000o\000n\000c\000l\000u\000s\000i\000o\000n\000\040\060\147\117\177\060\110\060\213\210\150\163\376}{appendix.1135}% 282
\BOOKMARK [1][-]{section.1140}{\376\377\143\245\175\232\210\150\163\376\060\373\212\326\164\006\134\125\225\213\210\150\163\376}{appendix.1135}% 283
\BOOKMARK [0][-]{appendix.1142}{\376\377\0001\0005\126\336\143\210\151\155\212\010\165\073}{}% 284
\BOOKMARK [1][-]{section.1143}{\376\377\143\210\151\155\212\010\165\073\210\150}{appendix.1142}% 285
\BOOKMARK [1][-]{section.1145}{\376\377\143\210\151\155\220\113\125\266\060\156\060\322\060\363\060\310}{appendix.1142}% 286
\BOOKMARK [1][-]{section.1146}{\376\377\143\210\151\155\060\156\131\011\137\142\060\321\060\277\060\374\060\363}{appendix.1142}% 287
