This is e-upTeX, Version 3.141592653-p4.1.1-u1.30-230214-2.6 (utf8.euc) (TeX Live 2024) (preloaded format=platex 2025.3.5)  22 MAR 2026 15:45
entering extended mode
 restricted \write18 enabled.
 %&-line parsing enabled.
**ai_research.tex
(./ai_research.tex
pLaTeX2e <2023-02-14>+1, based on
LaTeX2e <2023-11-01> patch level 1
L3 programming layer <2024-02-20>
(./corona-a5.cls
Document Class: corona-a5 2005/9/09 v1.0 pLaTeX class ALL Rights reserved Copyr
ight SANBI Co., Ltd. for CORONA PUBLISHING CO., Ltd.
(/usr/local/texlive/2024/texmf-dist/tex/latex/graphics/keyval.sty
Package: keyval 2022/05/29 v1.15 key=value parser (DPC)
\KV@toks@=\toks18
)
\COFFEEbk@bxb=\box68
\COFFEEbk@bxa=\box69
\COFFEEbk@lcnt=\count187
\endCOFFEEskip=\skip48
\c@COFFcount=\count188
\c@@paper=\count189
\h=\dimen156
\JQ=\dimen157
\Q=\dimen158
\@bs=\dimen159
LaTeX Font Info:    Font shape `JY1/mc/m/n' will be
(Font)              scaled to size 9.60999pt on input line 712.
\HASIRAdimen=\dimen160
\@BUNRUI=\count190
\c@part=\count191
\c@chapter=\count192
\c@section=\count193
\c@subsection=\count194
\c@subsubsection=\count195
\c@paragraph=\count196
\c@subparagraph=\count197
\CHAPheight=\dimen161
\CHAPht=\box70
\CHAPwidth=\dimen162
\SCHAPheight=\dimen163
\ESECTwd=\dimen164
\ESUBSECTwd=\dimen165
\@tempboxb=\box71
\SECTht=\dimen166
\SECTwd=\dimen167
\APPSCHAPheight=\dimen168
\c@ANSchapter=\count198
\c@ANSchapVAL=\count199
\FIGNUMcnt=\count266
\TABNUMcnt=\count267
\c@figure=\count268
\c@COFFfigure=\count269
\c@table=\count270
\c@COFFtable=\count271
\abovecaptionskip=\skip49
\belowcaptionskip=\skip50
\capwidth=\dimen169
LaTeX Font Info:    Font shape `JY1/mc/m/n' will be
(Font)              scaled to size 8.13171pt on input line 3980.
\ycapsep=\dimen170
\c@Mparentequation=\count272
\mathindent=\dimen171
\c@COFFequation=\count273
\@COFFeqcnt=\count274
\@COFFeqpen=\count275
\symmincho=\mathgroup4
LaTeX Font Info:    Overwriting symbol font `mincho' in version `bold'
(Font)                  JY1/mc/m/n --> JY1/gt/m/n on input line 4628.
\toclineskip=\dimen172
\@lnumwidth=\dimen173
\TOCCHAPdimen=\dimen174
\@minsofar=\count276
\@min=\count277
\@cite@temp=\count278
\bibindent=\dimen175
\KARAsakuinbox=\box72
\ftID=\count279
\heisei=\count280
\c@TEIRIcount=\count281
\c@TEIGIcount=\count282
\c@HODAIcount=\count283
\c@REIDAIcount=\count284
\c@REIcount=\count285
\c@footnote@tab=\count286
)
(/usr/local/texlive/2024/texmf-dist/tex/latex/url/url.sty
\Urlmuskip=\muskip16
Package: url 2013/09/16  ver 3.4  Verb mode for urls, etc.
)
(/usr/local/texlive/2024/texmf-dist/tex/latex/hyperref/hyperref.sty
Package: hyperref 2024-01-20 v7.01h Hypertext links for LaTeX

(/usr/local/texlive/2024/texmf-dist/tex/generic/iftex/iftex.sty
Package: iftex 2022/02/03 v1.0f TeX engine tests
)
(/usr/local/texlive/2024/texmf-dist/tex/latex/kvsetkeys/kvsetkeys.sty
Package: kvsetkeys 2022-10-05 v1.19 Key value parser (HO)
)
(/usr/local/texlive/2024/texmf-dist/tex/generic/kvdefinekeys/kvdefinekeys.sty
Package: kvdefinekeys 2019-12-19 v1.6 Define keys (HO)
)
(/usr/local/texlive/2024/texmf-dist/tex/generic/pdfescape/pdfescape.sty
Package: pdfescape 2019/12/09 v1.15 Implements pdfTeX's escape features (HO)

(/usr/local/texlive/2024/texmf-dist/tex/generic/ltxcmds/ltxcmds.sty
Package: ltxcmds 2023-12-04 v1.26 LaTeX kernel commands for general use (HO)
)
(/usr/local/texlive/2024/texmf-dist/tex/generic/pdftexcmds/pdftexcmds.sty
Package: pdftexcmds 2020-06-27 v0.33 Utility functions of pdfTeX for LuaTeX (HO
)

(/usr/local/texlive/2024/texmf-dist/tex/generic/infwarerr/infwarerr.sty
Package: infwarerr 2019/12/03 v1.5 Providing info/warning/error messages (HO)
)
Package pdftexcmds Info: \pdf@primitive is available.
Package pdftexcmds Info: \pdf@ifprimitive is available.
Package pdftexcmds Info: \pdfdraftmode not found.
))
(/usr/local/texlive/2024/texmf-dist/tex/latex/hycolor/hycolor.sty
Package: hycolor 2020-01-27 v1.10 Color options for hyperref/bookmark (HO)
)
(/usr/local/texlive/2024/texmf-dist/tex/latex/auxhook/auxhook.sty
Package: auxhook 2019-12-17 v1.6 Hooks for auxiliary files (HO)
)
(/usr/local/texlive/2024/texmf-dist/tex/latex/hyperref/nameref.sty
Package: nameref 2023-11-26 v2.56 Cross-referencing by name of section

(/usr/local/texlive/2024/texmf-dist/tex/latex/refcount/refcount.sty
Package: refcount 2019/12/15 v3.6 Data extraction from label references (HO)
)
(/usr/local/texlive/2024/texmf-dist/tex/generic/gettitlestring/gettitlestring.s
ty
Package: gettitlestring 2019/12/15 v1.6 Cleanup title references (HO)
 (/usr/local/texlive/2024/texmf-dist/tex/latex/kvoptions/kvoptions.sty
Package: kvoptions 2022-06-15 v3.15 Key value format for package options (HO)
))
\c@section@level=\count287
)
(/usr/local/texlive/2024/texmf-dist/tex/latex/etoolbox/etoolbox.sty
Package: etoolbox 2020/10/05 v2.5k e-TeX tools for LaTeX (JAW)
\etb@tempcnta=\count288
)
\@linkdim=\dimen176
\Hy@linkcounter=\count289
\Hy@pagecounter=\count290

(/usr/local/texlive/2024/texmf-dist/tex/latex/hyperref/pd1enc.def
File: pd1enc.def 2024-01-20 v7.01h Hyperref: PDFDocEncoding definition (HO)
Now handling font encoding PD1 ...
... no UTF-8 mapping file for font encoding PD1
)
(/usr/local/texlive/2024/texmf-dist/tex/generic/intcalc/intcalc.sty
Package: intcalc 2019/12/15 v1.3 Expandable calculations with integers (HO)
)
\Hy@SavedSpaceFactor=\count291

(/usr/local/texlive/2024/texmf-dist/tex/latex/hyperref/puenc.def
File: puenc.def 2024-01-20 v7.01h Hyperref: PDF Unicode definition (HO)
Now handling font encoding PU ...
... no UTF-8 mapping file for font encoding PU
)
Package hyperref Info: Option `plainpages' set `false' on input line 4062.
Package hyperref Info: Option `pdfpagelabels' set `true' on input line 4062.
Package hyperref Info: Option `hypertexnames' set `false' on input line 4062.
Package hyperref Info: Hyper figures OFF on input line 4179.
Package hyperref Info: Link nesting OFF on input line 4184.
Package hyperref Info: Hyper index ON on input line 4187.
Package hyperref Info: Plain pages OFF on input line 4194.
Package hyperref Info: Backreferencing OFF on input line 4199.
Package hyperref Info: Implicit mode ON; LaTeX internals redefined.
Package hyperref Info: Bookmarks ON on input line 4446.
\c@Hy@tempcnt=\count292
LaTeX Info: Redefining \url on input line 4784.
\XeTeXLinkMargin=\dimen177

(/usr/local/texlive/2024/texmf-dist/tex/generic/bitset/bitset.sty
Package: bitset 2019/12/09 v1.3 Handle bit-vector datatype (HO)

(/usr/local/texlive/2024/texmf-dist/tex/generic/bigintcalc/bigintcalc.sty
Package: bigintcalc 2019/12/15 v1.5 Expandable calculations on big integers (HO
)
))
\Fld@menulength=\count293
\Field@Width=\dimen178
\Fld@charsize=\dimen179
Package hyperref Info: Hyper figures OFF on input line 6063.
Package hyperref Info: Link nesting OFF on input line 6068.
Package hyperref Info: Hyper index ON on input line 6071.
Package hyperref Info: backreferencing OFF on input line 6078.
Package hyperref Info: Link coloring OFF on input line 6083.
Package hyperref Info: Link coloring with OCG OFF on input line 6088.
Package hyperref Info: PDF/A mode OFF on input line 6093.

(/usr/local/texlive/2024/texmf-dist/tex/latex/base/atbegshi-ltx.sty
Package: atbegshi-ltx 2021/01/10 v1.0c Emulation of the original atbegshi
package with kernel methods
)
\Hy@abspage=\count294
\c@Item=\count295
\c@Hfootnote=\count296
)
Package hyperref Info: Driver: hdvipdfm.

(/usr/local/texlive/2024/texmf-dist/tex/latex/hyperref/hdvipdfm.def
File: hdvipdfm.def 2024-01-20 v7.01h Hyperref driver for dvipdfm
\pdfm@box=\box73
\c@Hy@AnnotLevel=\count297
\HyField@AnnotCount=\count298
\Fld@listcount=\count299
\c@bookmark@seq@number=\count300

(/usr/local/texlive/2024/texmf-dist/tex/latex/rerunfilecheck/rerunfilecheck.sty
Package: rerunfilecheck 2022-07-10 v1.10 Rerun checks for auxiliary files (HO)
(/usr/local/texlive/2024/texmf-dist/tex/latex/base/atveryend-ltx.sty
Package: atveryend-ltx 2020/08/19 v1.0a Emulation of the original atveryend pac
kage
with kernel methods
)
(/usr/local/texlive/2024/texmf-dist/tex/generic/uniquecounter/uniquecounter.sty
Package: uniquecounter 2019/12/15 v1.4 Provide unlimited unique counter (HO)
)
Package uniquecounter Info: New unique counter `rerunfilecheck' on input line 2
85.
)
\Hy@SectionHShift=\skip51
) (/usr/local/texlive/2024/texmf-dist/tex/platex/pxjahyper/pxjahyper.sty
Package: pxjahyper 2023/03/01 v1.3

(/usr/local/texlive/2024/texmf-dist/tex/latex/bxjatoucs/bxjatoucs.sty
Package: bxjatoucs 2019/10/20 v0.2
)
(/usr/local/texlive/2024/texmf-dist/tex/platex/pxjahyper/pxjahyper-enc.sty
Package: pxjahyper-enc 2023/03/01 v1.3
)
(/usr/local/texlive/2024/texmf-dist/tex/platex/pxjahyper/pxjahyper-uni.def
File: pxjahyper-uni.def 2023/03/01 v1.3
)
Package pxjahyper Info: The setup for hyperref 'unicode' is applied.
)
(/usr/local/texlive/2024/texmf-dist/tex/latex/xcolor/xcolor.sty
Package: xcolor 2023/11/15 v3.01 LaTeX color extensions (UK)

(/usr/local/texlive/2024/texmf-dist/tex/latex/graphics-cfg/color.cfg
File: color.cfg 2016/01/02 v1.6 sample color configuration
)
Package xcolor Info: Driver file: dvips.def on input line 274.

(/usr/local/texlive/2024/texmf-dist/tex/latex/graphics-def/dvips.def
File: dvips.def 2022/09/22 v3.1e Graphics/color driver for dvips
)
(/usr/local/texlive/2024/texmf-dist/tex/latex/graphics/mathcolor.ltx)
Package xcolor Info: Model `cmy' substituted by `cmy0' on input line 1350.
Package xcolor Info: Model `RGB' extended on input line 1366.
Package xcolor Info: Model `HTML' substituted by `rgb' on input line 1368.
Package xcolor Info: Model `Hsb' substituted by `hsb' on input line 1369.
Package xcolor Info: Model `tHsb' substituted by `hsb' on input line 1370.
Package xcolor Info: Model `HSB' substituted by `hsb' on input line 1371.
Package xcolor Info: Model `Gray' substituted by `gray' on input line 1372.
Package xcolor Info: Model `wave' substituted by `hsb' on input line 1373.
)
(/usr/local/texlive/2024/texmf-dist/tex/latex/graphics/dvipsnam.def
File: dvipsnam.def 2016/06/17 v3.0m Driver-dependent file (DPC,SPQR)
)
(/usr/local/texlive/2024/texmf-dist/tex/latex/graphics/graphicx.sty
Package: graphicx 2021/09/16 v1.2d Enhanced LaTeX Graphics (DPC,SPQR)

(/usr/local/texlive/2024/texmf-dist/tex/latex/graphics/graphics.sty
Package: graphics 2022/03/10 v1.4e Standard LaTeX Graphics (DPC,SPQR)

(/usr/local/texlive/2024/texmf-dist/tex/latex/graphics/trig.sty
Package: trig 2021/08/11 v1.11 sin cos tan (DPC)
)
(/usr/local/texlive/2024/texmf-dist/tex/latex/graphics-cfg/graphics.cfg
File: graphics.cfg 2016/06/04 v1.11 sample graphics configuration
)
Package graphics Info: Driver file: dvipdfmx.def on input line 107.

(/usr/local/texlive/2024/texmf-dist/tex/latex/graphics-def/dvipdfmx.def
File: dvipdfmx.def 2022/09/22 v5.0m Graphics/color driver for dvipdfmx
))
\Gin@req@height=\dimen180
\Gin@req@width=\dimen181
)
(/usr/local/texlive/2024/texmf-dist/tex/latex/amsmath/amsmath.sty
Package: amsmath 2023/05/13 v2.17o AMS math features
\@mathmargin=\skip52

For additional information on amsmath, use the `?' option.
(/usr/local/texlive/2024/texmf-dist/tex/latex/amsmath/amstext.sty
Package: amstext 2021/08/26 v2.01 AMS text

(/usr/local/texlive/2024/texmf-dist/tex/latex/amsmath/amsgen.sty
File: amsgen.sty 1999/11/30 v2.0 generic functions
\@emptytoks=\toks19
\ex@=\dimen182
))
(/usr/local/texlive/2024/texmf-dist/tex/latex/amsmath/amsbsy.sty
Package: amsbsy 1999/11/29 v1.2d Bold Symbols
\pmbraise@=\dimen183
)
(/usr/local/texlive/2024/texmf-dist/tex/latex/amsmath/amsopn.sty
Package: amsopn 2022/04/08 v2.04 operator names
)
\inf@bad=\count301
LaTeX Info: Redefining \frac on input line 234.
\uproot@=\count302
\leftroot@=\count303
LaTeX Info: Redefining \overline on input line 399.
LaTeX Info: Redefining \colon on input line 410.
\classnum@=\count304
\DOTSCASE@=\count305
LaTeX Info: Redefining \ldots on input line 496.
LaTeX Info: Redefining \dots on input line 499.
LaTeX Info: Redefining \cdots on input line 620.
\Mathstrutbox@=\box74
\strutbox@=\box75
LaTeX Info: Redefining \big on input line 722.
LaTeX Info: Redefining \Big on input line 723.
LaTeX Info: Redefining \bigg on input line 724.
LaTeX Info: Redefining \Bigg on input line 725.
\big@size=\dimen184
LaTeX Font Info:    Redeclaring font encoding OML on input line 743.
LaTeX Font Info:    Redeclaring font encoding OMS on input line 744.
\macc@depth=\count306
LaTeX Info: Redefining \bmod on input line 905.
LaTeX Info: Redefining \pmod on input line 910.
LaTeX Info: Redefining \smash on input line 940.
LaTeX Info: Redefining \relbar on input line 970.
LaTeX Info: Redefining \Relbar on input line 971.
\c@MaxMatrixCols=\count307
\dotsspace@=\muskip17
\c@parentequation=\count308
\dspbrk@lvl=\count309
\tag@help=\toks20
\row@=\count310
\column@=\count311
\maxfields@=\count312
\andhelp@=\toks21
\eqnshift@=\dimen185
\alignsep@=\dimen186
\tagshift@=\dimen187
\tagwidth@=\dimen188
\totwidth@=\dimen189
\lineht@=\dimen190
\@envbody=\toks22
\multlinegap=\skip53
\multlinetaggap=\skip54
\mathdisplay@stack=\toks23
LaTeX Info: Redefining \[ on input line 2953.
LaTeX Info: Redefining \] on input line 2954.
)
(/usr/local/texlive/2024/texmf-dist/tex/latex/amsfonts/amssymb.sty
Package: amssymb 2013/01/14 v3.01 AMS font symbols

(/usr/local/texlive/2024/texmf-dist/tex/latex/amsfonts/amsfonts.sty
Package: amsfonts 2013/01/14 v3.01 Basic AMSFonts support
\symAMSa=\mathgroup5
\symAMSb=\mathgroup6
LaTeX Font Info:    Redeclaring math symbol \hbar on input line 98.
LaTeX Font Info:    Overwriting math alphabet `\mathfrak' in version `bold'
(Font)                  U/euf/m/n --> U/euf/b/n on input line 106.
))
(/usr/local/texlive/2024/texmf-dist/tex/latex/ascmac/ascmac.sty
Package: ascmac 2020/01/15 v2.1 ascmac wrapper (community edition) 

(/usr/local/texlive/2024/texmf-dist/tex/latex/ascmac/tascmac.sty
Package: tascmac 2020/01/15 v2.1 ascmac package (community edition) 
\@savetbaselineshift=\dimen191
\@saveybaselineshift=\dimen192
\scb@x=\box76
\scscb@x=\box77
\@bw=\dimen193
\@nbox=\box78
\@nbody=\box79
\@scw=\dimen194
\ascmac@hoboxa=\box80
\ascmac@hoboxb=\box81
\@itemh=\dimen195
\@iboxpos=\toks24
\@iboxstr=\box82
\@bwsp=\box83
\@@bwsp=\box84
\@bcal=\count313
\shaderule=\dimen196
))
(/usr/local/texlive/2024/texmf-dist/tex/latex/type1cm/type1cm.sty
Package: type1cm 2002/09/05 v0.04 BlueSky/Y&Y Type1 CM font definitions (DPC, p
atched RF)
)
(/usr/local/texlive/2024/texmf-dist/tex/latex/tools/multicol.sty
Package: multicol 2023/03/30 v1.9f multicolumn formatting (FMi)
\c@tracingmulticols=\count314
\mult@box=\box85
\multicol@leftmargin=\dimen197
\c@unbalance=\count315
\c@collectmore=\count316
\doublecol@number=\count317
\multicoltolerance=\count318
\multicolpretolerance=\count319
\full@width=\dimen198
\page@free=\dimen199
\premulticols=\dimen256
\postmulticols=\dimen257
\multicolsep=\skip55
\multicolbaselineskip=\skip56
\partial@page=\box86
\last@line=\box87
\mc@boxedresult=\box88
\maxbalancingoverflow=\dimen258
\mult@rightbox=\box89
\mult@grightbox=\box90
\mult@firstbox=\box91
\mult@gfirstbox=\box92
\@tempa=\box93
\@tempa=\box94
\@tempa=\box95
\@tempa=\box96
\@tempa=\box97
\@tempa=\box98
\@tempa=\box99
\@tempa=\box100
\@tempa=\box101
\@tempa=\box102
\@tempa=\box103
\@tempa=\box104
\@tempa=\box105
\@tempa=\box106
\@tempa=\box107
\@tempa=\box108
\@tempa=\box109
\@tempa=\box110
\@tempa=\box111
\@tempa=\box112
\@tempa=\box113
\@tempa=\box114
\@tempa=\box115
\@tempa=\box116
\@tempa=\box117
\@tempa=\box118
\@tempa=\box119
\@tempa=\box120
\@tempa=\box121
\@tempa=\box122
\@tempa=\box123
\@tempa=\box124
\@tempa=\box125
\@tempa=\box126
\@tempa=\box127
\@tempa=\box128
\c@minrows=\count320
\c@columnbadness=\count321
\c@finalcolumnbadness=\count322
\last@try=\dimen259
\multicolovershoot=\dimen260
\multicolundershoot=\dimen261
\mult@nat@firstbox=\box129
\colbreak@box=\box130
\mc@col@check@num=\count323
)
(/usr/local/texlive/2024/texmf-dist/tex/latex/tools/array.sty
Package: array 2023/10/16 v2.5g Tabular extension package (FMi)
\col@sep=\dimen262
\ar@mcellbox=\box131
\extrarowheight=\dimen263
\NC@list=\toks25
\extratabsurround=\skip57
\backup@length=\skip58
\ar@cellbox=\box132
)
(/usr/local/texlive/2024/texmf-dist/tex/latex/multirow/multirow.sty
Package: multirow 2021/03/15 v2.8 Span multiple rows of a table
\multirow@colwidth=\skip59
\multirow@cntb=\count324
\multirow@dima=\skip60
\bigstrutjot=\dimen264
)
(/usr/local/texlive/2024/texmf-dist/tex/latex/booktabs/booktabs.sty
Package: booktabs 2020/01/12 v1.61803398 Publication quality tables
\heavyrulewidth=\dimen265
\lightrulewidth=\dimen266
\cmidrulewidth=\dimen267
\belowrulesep=\dimen268
\belowbottomsep=\dimen269
\aboverulesep=\dimen270
\abovetopsep=\dimen271
\cmidrulesep=\dimen272
\cmidrulekern=\dimen273
\defaultaddspace=\dimen274
\@cmidla=\count325
\@cmidlb=\count326
\@aboverulesep=\dimen275
\@belowrulesep=\dimen276
\@thisruleclass=\count327
\@lastruleclass=\count328
\@thisrulewidth=\dimen277
)
(/usr/local/texlive/2024/texmf-dist/tex/latex/tools/longtable.sty
Package: longtable 2023-11-01 v4.19 Multi-page Table package (DPC)
\LTleft=\skip61
\LTright=\skip62
\LTpre=\skip63
\LTpost=\skip64
\LTchunksize=\count329
\LTcapwidth=\dimen278
\LT@head=\box133
\LT@firsthead=\box134
\LT@foot=\box135
\LT@lastfoot=\box136
\LT@gbox=\box137
\LT@cols=\count330
\LT@rows=\count331
\c@LT@tables=\count332
\c@LT@chunks=\count333
\LT@p@ftn=\toks26
)
(/usr/local/texlive/2024/texmf-dist/tex/latex/base/inputenc.sty
Package: inputenc 2021/02/14 v1.3d Input encoding file
\inpenc@prehook=\toks27
\inpenc@posthook=\toks28
)
(/usr/local/texlive/2024/texmf-dist/tex/latex/float/float.sty
Package: float 2001/11/08 v1.3d Float enhancements (AL)
\c@float@type=\count334
\float@exts=\toks29
\float@box=\box138
\@float@everytoks=\toks30
\@floatcapt=\box139
)
(/usr/local/texlive/2024/texmf-dist/tex/latex/listings/listings.sty
\lst@mode=\count335
\lst@gtempboxa=\box140
\lst@token=\toks31
\lst@length=\count336
\lst@currlwidth=\dimen279
\lst@column=\count337
\lst@pos=\count338
\lst@lostspace=\dimen280
\lst@width=\dimen281
\lst@newlines=\count339
\lst@lineno=\count340
\lst@maxwidth=\dimen282

(/usr/local/texlive/2024/texmf-dist/tex/latex/listings/lstpatch.sty
File: lstpatch.sty 2024/02/21 1.10 (Carsten Heinz)
)
(/usr/local/texlive/2024/texmf-dist/tex/latex/listings/lstmisc.sty
File: lstmisc.sty 2024/02/21 1.10 (Carsten Heinz)
\c@lstnumber=\count341
\lst@skipnumbers=\count342
\lst@framebox=\box141
)
(/usr/local/texlive/2024/texmf-dist/tex/latex/listings/listings.cfg
File: listings.cfg 2024/02/21 1.10 listings configuration
))
Package: listings 2024/02/21 1.10 (Carsten Heinz)

(/usr/local/texlive/2024/texmf-dist/tex/latex/base/makeidx.sty
Package: makeidx 2021/10/04 v1.0m Standard LaTeX package
)
\@indexfile=\write3
\openout3 = `ai_research.idx'.


Writing index file ai_research.idx
(/usr/local/texlive/2024/texmf-dist/tex/latex/listings/lstlang1.sty
File: lstlang1.sty 2024/02/21 1.10 listings language file
)
(/usr/local/texlive/2024/texmf-dist/tex/latex/bibunits/bibunits.sty
Package: bibunits 2004/05/12 v2.4 Multiple bibliographies in one document.
\@bibunitaux=\write4
\@bibunitauxcnt=\count343
)
\gdef\bu@bibstyle{unsrt}
\gdef\bu@bibdata{references}
(/usr/local/texlive/2024/texmf-dist/tex/latex/l3backend/l3backend-dvips.def
File: l3backend-dvips.def 2024-02-20 L3 backend support: dvips
\l__pdf_internal_box=\box142
\g__pdf_backend_object_int=\count344
\l__pdf_backend_content_box=\box143
\l__pdf_backend_model_box=\box144
\g__pdf_backend_annotation_int=\count345
\g__pdf_backend_link_int=\count346
\g__pdf_backend_link_sf_int=\count347
)
(./ai_research.aux)
\openout1 = `ai_research.aux'.

LaTeX Font Info:    Checking defaults for OML/cmm/m/it on input line 141.
LaTeX Font Info:    ... okay on input line 141.
LaTeX Font Info:    Checking defaults for OMS/cmsy/m/n on input line 141.
LaTeX Font Info:    ... okay on input line 141.
LaTeX Font Info:    Checking defaults for OT1/cmr/m/n on input line 141.
LaTeX Font Info:    ... okay on input line 141.
LaTeX Font Info:    Checking defaults for T1/cmr/m/n on input line 141.
LaTeX Font Info:    ... okay on input line 141.
LaTeX Font Info:    Checking defaults for TS1/cmr/m/n on input line 141.
LaTeX Font Info:    ... okay on input line 141.
LaTeX Font Info:    Checking defaults for OMX/cmex/m/n on input line 141.
LaTeX Font Info:    ... okay on input line 141.
LaTeX Font Info:    Checking defaults for U/cmr/m/n on input line 141.
LaTeX Font Info:    ... okay on input line 141.
LaTeX Font Info:    Checking defaults for JY1/mc/m/n on input line 141.
LaTeX Font Info:    ... okay on input line 141.
LaTeX Font Info:    Checking defaults for JT1/mc/m/n on input line 141.
LaTeX Font Info:    ... okay on input line 141.
LaTeX Font Info:    Checking defaults for PD1/pdf/m/n on input line 141.
LaTeX Font Info:    ... okay on input line 141.
LaTeX Font Info:    Checking defaults for PU/pdf/m/n on input line 141.
LaTeX Font Info:    ... okay on input line 141.
Package hyperref Info: Link coloring OFF on input line 141.
 (./ai_research.out) (./ai_research.out)
\@outlinefile=\write5
\openout5 = `ai_research.out'.

\c@lstlisting=\count348
LaTeX Font Info:    Font shape `JY1/mc/m/n' will be
(Font)              scaled to size 17.74248pt on input line 144.
LaTeX Font Info:    Font shape `JT1/mc/bx/n' in size <17.28> not available
(Font)              Font shape `JT1/gt/m/n' tried instead on input line 144.
LaTeX Font Info:    Font shape `JY1/mc/bx/n' will be
(Font)              scaled to size 17.74248pt on input line 144.
LaTeX Font Info:    Font shape `JT1/mc/bx/n' in size <14.78516> not available
(Font)              Font shape `JT1/gt/m/n' tried instead on input line 144.

Underfull \hbox (badness 10000) detected at line 144
\JY1/mc/bx/n/14.78516 目 次
 []

(./ai_research.toc
LaTeX Font Info:    Font shape `JT1/mc/bx/n' in size <11.82813> not available
(Font)              Font shape `JT1/gt/m/n' tried instead on input line 1.
LaTeX Font Info:    Font shape `JY1/mc/m/n' will be
(Font)              scaled to size 7.39253pt on input line 2.
LaTeX Font Info:    Font shape `JY1/mc/m/n' will be
(Font)              scaled to size 5.914pt on input line 2.
LaTeX Font Info:    Font shape `JT1/mc/m/sl' in size <10> not available
(Font)              Font shape `JT1/gt/m/n' tried instead on input line 2.
LaTeX Font Info:    Font shape `JY1/mc/m/sl' in size <10> not available
(Font)              Font shape `JY1/gt/m/n' tried instead on input line 2.
LaTeX Font Info:    Font shape `JY1/mc/m/n' will be
(Font)              scaled to size 8.87036pt on input line 37.
 [1




]
LaTeX Font Info:    Font shape `JT1/mc/m/sl' in size <9> not available
(Font)              Font shape `JT1/gt/m/n' tried instead on input line 64.
LaTeX Font Info:    Font shape `JY1/mc/m/sl' in size <9> not available
(Font)              Font shape `JY1/gt/m/n' tried instead on input line 64.

Underfull \hbox (badness 10000) has occurred while \output is active
\JY1/mc/m/n/9 目 次
 []

[2]
Underfull \hbox (badness 10000) has occurred while \output is active
\JY1/mc/m/n/9 目 次
 []

[3]
Underfull \hbox (badness 10000) has occurred while \output is active
\JY1/mc/m/n/9 目 次
 []

[4]
Underfull \hbox (badness 10000) has occurred while \output is active
\JY1/mc/m/n/9 目 次
 []

[5]
Underfull \hbox (badness 10000) has occurred while \output is active
\JY1/mc/m/n/9 目 次
 []

[6]
Underfull \hbox (badness 10000) has occurred while \output is active
\JY1/mc/m/n/9 目 次
 []

[7]
Underfull \hbox (badness 10000) has occurred while \output is active
\JY1/mc/m/n/9 目 次
 []

[8]
Underfull \hbox (badness 10000) has occurred while \output is active
\JY1/mc/m/n/9 目 次
 []

[9]
Underfull \hbox (badness 10000) has occurred while \output is active
\JY1/mc/m/n/9 目 次
 []

[10]
Underfull \hbox (badness 10000) has occurred while \output is active
\JY1/mc/m/n/9 目 次
 []

[11])
\tf@toc=\write6
\openout6 = `ai_research.toc'.


Underfull \hbox (badness 10000) has occurred while \output is active
\JY1/mc/m/n/9 目 次
 []

[12] (./contents/preface.tex [13



] [14]) [15

] [16

] (./contents/chapter1.tex
第 1 章
LaTeX Font Info:    Font shape `JT1/mc/bx/sl' in size <10> not available
(Font)              Font shape `JT1/gt/m/n' tried instead on input line 1.
LaTeX Font Info:    Font shape `JY1/mc/bx/sl' in size <10> not available
(Font)              Font shape `JY1/gt/m/n' tried instead on input line 1.
LaTeX Font Info:    Font shape `JT1/mc/bx/sl' in size <24.88> not available
(Font)              Font shape `JT1/gt/m/n' tried instead on input line 1.
LaTeX Font Info:    Font shape `JY1/mc/bx/sl' in size <24.88> not available
(Font)              Font shape `JY1/gt/m/n' tried instead on input line 1.
LaTeX Font Info:    Font shape `JT1/mc/bx/n' in size <10> not available
(Font)              Font shape `JT1/gt/m/n' tried instead on input line 1.
LaTeX Font Info:    Font shape `JY1/mc/bx/n' will be
(Font)              scaled to size 9.60999pt on input line 1.
LaTeX Font Info:    Font shape `JT1/mc/bx/n' in size <14> not available
(Font)              Font shape `JT1/gt/m/n' tried instead on input line 1.
[1

] (./bu1.aux)
\openout4 = `bu1.aux'.

 [2]
LaTeX Font Info:    Font shape `JT1/mc/bx/n' in size <8> not available
(Font)              Font shape `JT1/gt/m/n' tried instead on input line 67.
LaTeX Font Info:    Font shape `JY1/mc/bx/n' will be
(Font)              scaled to size 8.13171pt on input line 67.
 [3] [4] [5]
Underfull \hbox (badness 10000) detected at line 171
\OT1/cmr/bx/n/10 Elicit
 []


Underfull \hbox (badness 10000) detected at line 182
\OT1/cmr/bx/n/10 Cursor
 []

[6]
Package hyperref Info: bookmark level for unknown lstlisting defaults to 0 on i
nput line 184.

Underfull \hbox (badness 10000) detected at line 199
\OT1/cmr/bx/n/10 Gamma
 []


Overfull \hbox (0.36256pt too wide) detected at line 202
\OT1/cmr/bx/n/10 Canva AI
 []

[7] [8] [9] [10] [11] [12] [13] [14] [15] [16] [17]) (./bu1.bbl [18]
LaTeX Font Info:    Font shape `JT1/gt/m/it' in size <9> not available
(Font)              Font shape `JT1/gt/m/n' tried instead on input line 7.
LaTeX Font Info:    Font shape `JY1/gt/m/it' in size <9> not available
(Font)              Font shape `JY1/gt/m/n' tried instead on input line 7.
)
(./bu1.aux)
No file bu.aux.
(./contents/chapter2.tex [19


]
第 2 章
[20

] (./bu2.aux)
\openout4 = `bu2.aux'.

 [21] [22] [23] [24] [25]
Underfull \hbox (badness 3536) in paragraph at lines 211--212
[]\OT1/cmr/m/n/10 ``Retrieval-Augmented Gen-er-a-tion for Knowledge-Intensive N
LP
 []

[26] [27] [28] [29] [30] [31] [32] [33] [34] [35] [36] [37] [38] [39] [40]
[41] [42] [43] [44] [45] [46] [47] [48]) (./bu2.bbl [49]) (./bu2.aux)
No file bu.aux.
(./contents/chapter3.tex [50


]
第 3 章
[51

] [52] [53] [54] [55] [56] [57] [58] [59] [60] [61] [62] [63] [64] [65]
[66] [67] [68] [69])
Underfull \hbox (badness 10000) in paragraph at lines 625--162

 []

(./contents/chapter4.tex [70]
第 4 章
[71

] [72] [73] [74] [75] [76] [77] [78] [79] [80] [81]
Overfull \hbox (3.9145pt too wide) in paragraph at lines 427--428
\OT1/cmr/m/n/10 ap-proach fine-tunes a mul-ti-lin-gual BERT model on high-resou
rce
 []

[82] [83]
LaTeX Font Info:    Font shape `JT1/mc/m/it' in size <10> not available
(Font)              Font shape `JT1/mc/m/n' tried instead on input line 481.
LaTeX Font Info:    Font shape `JY1/mc/m/it' in size <10> not available
(Font)              Font shape `JY1/mc/m/n' tried instead on input line 481.
LaTeX Font Info:    Font shape `JY1/mc/m/n' will be
(Font)              scaled to size 9.60999pt on input line 481.
 [84] [85] [86] [87] [88] [89] [90] [91] [92] [93] [94] [95]
Underfull \hbox (badness 1342) in paragraph at lines 980--981
[]|\OT1/cmr/m/n/8 ``The im-prove-ment is sta-tis-ti-cally sig-nif-i-cant
 []

[96] [97] [98] [99] [100])
Underfull \hbox (badness 10000) in paragraph at lines 1086--164

 []

(./contents/chapter5.tex [101]
第 5 章
[102

] [103] [104] [105] [106] [107] [108] [109] [110] [111] [112] [113]
[114] [115] [116] [117] [118] [119] [120])
Underfull \hbox (badness 10000) in paragraph at lines 734--166

 []

(./contents/chapter6.tex [121]
第 6 章
[122

] [123] [124] [125] [126] [127] [128] [129] [130]
Underfull \hbox (badness 2680) in paragraph at lines 360--368
[]\JY1/mc/m/n/10 関数名\OT1/cmr/m/n/10 : cal-cu-late[]effect[]size \JY1/mc/m/n/
10 入力\OT1/cmr/m/n/10 : group1 (list[float]), group2
 []


Underfull \hbox (badness 10000) in paragraph at lines 402--407
[]\OT1/cmr/m/n/10 ## \JY1/mc/m/n/10 エラ ーメ ッセ ージ \OT1/cmr/m/n/10 Trace-b
ack (most re-cent call
 []


Underfull \hbox (badness 8000) in paragraph at lines 402--407
\OT1/cmr/m/n/10 last): File "anal-y-sis.py", line 42, in <mod-ule> re-sult =
 []

[131] [132] [133] [134]
(/usr/local/texlive/2024/texmf-dist/tex/latex/listings/lstlang1.sty
File: lstlang1.sty 2024/02/21 1.10 listings language file
)
(/usr/local/texlive/2024/texmf-dist/tex/latex/listings/lstlang1.sty
File: lstlang1.sty 2024/02/21 1.10 listings language file
) [135]
[136] [137] [138] [139] [140] [141] [142] [143] [144])
Underfull \hbox (badness 10000) in paragraph at lines 906--168

 []

(./contents/chapter7.tex [145]
第 7 章
[146

] [147] [148] [149] [150] [151] [152] [153] [154] [155] [156] [157]
[158] (./bu3.aux)
\openout4 = `bu3.aux'.


Underfull \hbox (badness 10000) in paragraph at lines 448--449
[]|\OT1/cmr/m/n/8 exact \JY1/mc/m/n/8 検定に切り替え
 []


Underfull \hbox (badness 10000) in paragraph at lines 448--449
\JY1/mc/m/n/8 （\OT1/cmtt/m/n/8 scipy.stats.wilcoxon \JY1/mc/m/n/8 の
 []

[159] [160] [161]) (./bu3.bbl [162]) (./bu3.aux)
No file bu.aux.
(./contents/chapter8.tex [163


]
第 8 章
[164

] [165]
Overfull \hbox (1.4598pt too wide) in paragraph at lines 99--112
 [][] 
 []

[166] [167] [168] [169] [170] [171] [172] [173]) (./contents/chapter9.tex
[174]
第 9 章
[175

] [176] [177] [178]
LaTeX Font Info:    Font shape `JT1/mc/bx/n' in size <9> not available
(Font)              Font shape `JT1/gt/m/n' tried instead on input line 148.
LaTeX Font Info:    Font shape `JY1/mc/bx/n' will be
(Font)              scaled to size 8.87036pt on input line 148.

Overfull \hbox (6.19301pt too wide) in paragraph at lines 144--154
 [][] 
 []

[179] [180] [181] [182] [183] [184] [185]) (./contents/chapter10.tex [186]
第 10 章
[187

] [188] [189] [190] [191] [192] [193] [194]
Overfull \hbox (11.09157pt too wide) in paragraph at lines 261--272
 [][] 
 []

[195] [196] [197]) (./contents/appendix_tools.tex [198]
付 録 A  
[199

] [200]
Underfull \hbox (badness 10000) in paragraph at lines 102--102
[]|\JY1/mc/m/n/8 無料版あり\OT1/cmr/m/n/8 /Pro
 []


Underfull \hbox (badness 10000) in paragraph at lines 103--103
[]|\JY1/mc/m/n/8 無料版あり\OT1/cmr/m/n/8 /Plus
 []


Overfull \hbox (4.0256pt too wide) in paragraph at lines 98--108
 [][] 
 []

) (./contents/appendix_prompts.tex [201]
付 録 B  
[202

] [203] [204] [205] [206] [207] [208] [209] [210] [211] [212])
(./contents/appendix_english.tex
Underfull \hbox (badness 10000) in paragraph at lines 398--1

 []

[213] [214]
付 録 C  
[215

] [216] [217] [218] [219] [220]) (./contents/appendix_syllabus.tex [221]
[222]
付 録 D  

Underfull \hbox (badness 3098) in paragraph at lines 26--26
\OT1/cmr/m/n/8 Out-put, Con-text, For-
 []


Underfull \hbox (badness 10000) in paragraph at lines 26--27
[]|\JY1/mc/m/n/8 自分の研究
 []


Underfull \hbox (badness 3333) in paragraph at lines 26--27
\JY1/mc/m/n/8 を \OT1/cmr/m/n/8 ROCF \JY1/mc/m/n/8 で
 []


Underfull \hbox (badness 1509) in paragraph at lines 26--27
\JY1/mc/m/n/8 設計し 、 \OT1/cmr/m/n/8 3 \JY1/mc/m/n/8 パ
 []


Underfull \hbox (badness 10000) in paragraph at lines 30--31
[]|\JY1/mc/m/n/8 文献調査レ
 []


Underfull \hbox (badness 1895) in paragraph at lines 30--31
\JY1/mc/m/n/8 ポ ート （ 先行
 []


Underfull \hbox (badness 1442) in paragraph at lines 32--33
\JY1/mc/m/n/8 （\OT1/cmr/m/n/8 150--250 \JY1/mc/m/n/8 語 ）
 []


Underfull \hbox (badness 1796) in paragraph at lines 42--42
[]|\OT1/cmr/m/n/8 GitHub Web
 []


Underfull \hbox (badness 10000) in paragraph at lines 42--43
[]|\OT1/cmr/m/n/8 GitHub
 []


Underfull \hbox (badness 1231) in paragraph at lines 42--43
\OT1/cmr/m/n/8 Pages \JY1/mc/m/n/8 による
 []


Underfull \hbox (badness 10000) in paragraph at lines 46--47
[]|\JY1/mc/m/n/8 ガクチカ完
 []


Underfull \hbox (badness 3930) in paragraph at lines 46--47
\JY1/mc/m/n/8 成版 （\OT1/cmr/m/n/8 400 \JY1/mc/m/n/8 字
 []


Underfull \hbox (badness 10000) in paragraph at lines 46--47
\JY1/mc/m/n/8 以内 ） 、 \OT1/cmr/m/n/8 Be-
 []


Underfull \hbox (badness 4048) in paragraph at lines 46--47
\OT1/cmr/m/n/8 fore/After \JY1/mc/m/n/8 比
 []


Underfull \hbox (badness 10000) in paragraph at lines 50--51
[]|\JY1/mc/m/n/8 研究ポ ー
 []


Underfull \hbox (badness 10000) in paragraph at lines 50--51
\JY1/mc/m/n/8 トフ ォリオ
 []


Underfull \hbox (badness 1895) in paragraph at lines 50--51
\JY1/mc/m/n/8 ジトリ ） の完
 []

[223

] [224] [225]
Underfull \hbox (badness 1616) in paragraph at lines 106--106
[]|\OT1/cmr/m/n/8 README \JY1/mc/m/n/8 充
 []

[226])
No file ai_research.ind.
>>>>>2005/9/09 v1.0 pLaTeX class ALL Rights reserved Copyright SANBI Co., Ltd. 
for CORONA PUBLISHING CO., Ltd.<<<<<
[227] (./ai_research.aux)
 ***********
pLaTeX2e <2023-02-14>+1, based on
LaTeX2e <2023-11-01> patch level 1
L3 programming layer <2024-02-20>
 ***********
Package rerunfilecheck Info: File `ai_research.out' has not changed.
(rerunfilecheck)             Checksum: 2A19920E0A6669BE5470E9AB874AB0F6;46703.
 ) 
Here is how much of TeX's memory you used:
 14153 strings out of 474774
 212040 string characters out of 5758802
 2124032 words of memory out of 5000000
 36257 multiletter control sequences out of 15000+600000
 609938 words of font info for 133 fonts, out of 8000000 for 9000
 929 hyphenation exceptions out of 8191
 72i,15n,79p,994b,2287s stack positions out of 10000i,1000n,20000p,200000b,200000s

Output written on ai_research.dvi (243 pages, 996248 bytes).
